127.0.0.1 - - [05/Feb/2026 21:29:42] code 501, message Unsupported method ('GET')
127.0.0.1 - - [05/Feb/2026 21:29:42] "GET /chat HTTP/1.1" 501 -
127.0.0.1 - - [11/Feb/2026 21:59:15] "POST /chat HTTP/1.1" 200 -
127.0.0.1 - - [16/Feb/2026 22:35:53] "OPTIONS /chat HTTP/1.1" 204 -
127.0.0.1 - - [16/Feb/2026 22:36:54] "POST /chat HTTP/1.1" 502 -
127.0.0.1 - - [16/Feb/2026 22:39:57] "OPTIONS /chat HTTP/1.1" 204 -
127.0.0.1 - - [16/Feb/2026 22:40:50] "POST /chat HTTP/1.1" 200 -
127.0.0.1 - - [16/Feb/2026 22:46:47] "OPTIONS /chat HTTP/1.1" 204 -
127.0.0.1 - - [16/Feb/2026 22:47:47] "POST /chat HTTP/1.1" 502 -
----------------------------------------
Exception occurred during processing of request from ('127.0.0.1', 51814)
Traceback (most recent call last):
  File "D:\DFIR Coding AI\bin\kb\dfir_kb_bridge.py", line 389, in _handle_chat
    with urlopen(r, timeout=120) as resp:
         ^^^^^^^^^^^^^^^^^^^^^^
  File "C:\Program Files\WindowsApps\PythonSoftwareFoundation.Python.3.13_3.13.3312.0_x64__qbz5n2kfra8p0\Lib\urllib\request.py", line 189, in urlopen
    return opener.open(url, data, timeout)
           ~~~~~~~~~~~^^^^^^^^^^^^^^^^^^^^
  File "C:\Program Files\WindowsApps\PythonSoftwareFoundation.Python.3.13_3.13.3312.0_x64__qbz5n2kfra8p0\Lib\urllib\request.py", line 489, in open
    response = self._open(req, data)
  File "C:\Program Files\WindowsApps\PythonSoftwareFoundation.Python.3.13_3.13.3312.0_x64__qbz5n2kfra8p0\Lib\urllib\request.py", line 506, in _open
    result = self._call_chain(self.handle_open, protocol, protocol +
                              '_open', req)
  File "C:\Program Files\WindowsApps\PythonSoftwareFoundation.Python.3.13_3.13.3312.0_x64__qbz5n2kfra8p0\Lib\urllib\request.py", line 466, in _call_chain
    result = func(*args)
  File "C:\Program Files\WindowsApps\PythonSoftwareFoundation.Python.3.13_3.13.3312.0_x64__qbz5n2kfra8p0\Lib\urllib\request.py", line 1348, in http_open
    return self.do_open(http.client.HTTPConnection, req)
           ~~~~~~~~~~~~^^^^^^^^^^^^^^^^^^^^^^^^^^^^^^^^^
  File "C:\Program Files\WindowsApps\PythonSoftwareFoundation.Python.3.13_3.13.3312.0_x64__qbz5n2kfra8p0\Lib\urllib\request.py", line 1323, in do_open
    r = h.getresponse()
  File "C:\Program Files\WindowsApps\PythonSoftwareFoundation.Python.3.13_3.13.3312.0_x64__qbz5n2kfra8p0\Lib\http\client.py", line 1450, in getresponse
    response.begin()
    ~~~~~~~~~~~~~~^^
  File "C:\Program Files\WindowsApps\PythonSoftwareFoundation.Python.3.13_3.13.3312.0_x64__qbz5n2kfra8p0\Lib\http\client.py", line 336, in begin
    version, status, reason = self._read_status()
                              ~~~~~~~~~~~~~~~~~^^
  File "C:\Program Files\WindowsApps\PythonSoftwareFoundation.Python.3.13_3.13.3312.0_x64__qbz5n2kfra8p0\Lib\http\client.py", line 297, in _read_status
    line = str(self.fp.readline(_MAXLINE + 1), "iso-8859-1")
               ~~~~~~~~~~~~~~~~^^^^^^^^^^^^^^
  File "C:\Program Files\WindowsApps\PythonSoftwareFoundation.Python.3.13_3.13.3312.0_x64__qbz5n2kfra8p0\Lib\socket.py", line 719, in readinto
    return self._sock.recv_into(b)
           ~~~~~~~~~~~~~~~~~~~~^^^
TimeoutError: timed out

During handling of the above exception, another exception occurred:

Traceback (most recent call last):
  File "C:\Program Files\WindowsApps\PythonSoftwareFoundation.Python.3.13_3.13.3312.0_x64__qbz5n2kfra8p0\Lib\socketserver.py", line 318, in _handle_request_noblock
    self.process_request(request, client_address)
    ~~~~~~~~~~~~~~~~~~~~^^^^^^^^^^^^^^^^^^^^^^^^^
  File "C:\Program Files\WindowsApps\PythonSoftwareFoundation.Python.3.13_3.13.3312.0_x64__qbz5n2kfra8p0\Lib\socketserver.py", line 349, in process_request
    self.finish_request(request, client_address)
    ~~~~~~~~~~~~~~~~~~~^^^^^^^^^^^^^^^^^^^^^^^^^
  File "C:\Program Files\WindowsApps\PythonSoftwareFoundation.Python.3.13_3.13.3312.0_x64__qbz5n2kfra8p0\Lib\socketserver.py", line 362, in finish_request
    self.RequestHandlerClass(request, client_address, self)
    ~~~~~~~~~~~~~~~~~~~~~~~~^^^^^^^^^^^^^^^^^^^^^^^^^^^^^^^
  File "C:\Program Files\WindowsApps\PythonSoftwareFoundation.Python.3.13_3.13.3312.0_x64__qbz5n2kfra8p0\Lib\socketserver.py", line 766, in __init__
    self.handle()
    ~~~~~~~~~~~^^
  File "C:\Program Files\WindowsApps\PythonSoftwareFoundation.Python.3.13_3.13.3312.0_x64__qbz5n2kfra8p0\Lib\http\server.py", line 447, in handle
    self.handle_one_request()
    ~~~~~~~~~~~~~~~~~~~~~~~^^
  File "C:\Program Files\WindowsApps\PythonSoftwareFoundation.Python.3.13_3.13.3312.0_x64__qbz5n2kfra8p0\Lib\http\server.py", line 435, in handle_one_request
    method()
    ~~~~~~^^
  File "D:\DFIR Coding AI\bin\kb\dfir_kb_bridge.py", line 171, in do_POST
    self._handle_chat()
    ~~~~~~~~~~~~~~~~~^^
  File "D:\DFIR Coding AI\bin\kb\dfir_kb_bridge.py", line 393, in _handle_chat
    return self._send(502, {"error": "llama_forward_failed", "detail": str(e)})
           ~~~~~~~~~~^^^^^^^^^^^^^^^^^^^^^^^^^^^^^^^^^^^^^^^^^^^^^^^^^^^^^^^^^^
  File "D:\DFIR Coding AI\bin\kb\dfir_kb_bridge.py", line 167, in _send
    self.wfile.write(data)
    ~~~~~~~~~~~~~~~~^^^^^^
  File "C:\Program Files\WindowsApps\PythonSoftwareFoundation.Python.3.13_3.13.3312.0_x64__qbz5n2kfra8p0\Lib\socketserver.py", line 845, in write
    self._sock.sendall(b)
    ~~~~~~~~~~~~~~~~~~^^^
ConnectionAbortedError: [WinError 10053] An established connection was aborted by the software in your host machine
----------------------------------------
127.0.0.1 - - [16/Feb/2026 22:51:00] "OPTIONS /chat HTTP/1.1" 204 -
127.0.0.1 - - [16/Feb/2026 22:52:00] "POST /chat HTTP/1.1" 502 -
----------------------------------------
Exception occurred during processing of request from ('127.0.0.1', 55537)
Traceback (most recent call last):
  File "D:\DFIR Coding AI\bin\kb\dfir_kb_bridge.py", line 389, in _handle_chat
    with urlopen(r, timeout=120) as resp:
         ^^^^^^^^^^^^^^^^^^^^^^
  File "C:\Program Files\WindowsApps\PythonSoftwareFoundation.Python.3.13_3.13.3312.0_x64__qbz5n2kfra8p0\Lib\urllib\request.py", line 189, in urlopen
    return opener.open(url, data, timeout)
           ~~~~~~~~~~~^^^^^^^^^^^^^^^^^^^^
  File "C:\Program Files\WindowsApps\PythonSoftwareFoundation.Python.3.13_3.13.3312.0_x64__qbz5n2kfra8p0\Lib\urllib\request.py", line 489, in open
    response = self._open(req, data)
  File "C:\Program Files\WindowsApps\PythonSoftwareFoundation.Python.3.13_3.13.3312.0_x64__qbz5n2kfra8p0\Lib\urllib\request.py", line 506, in _open
    result = self._call_chain(self.handle_open, protocol, protocol +
                              '_open', req)
  File "C:\Program Files\WindowsApps\PythonSoftwareFoundation.Python.3.13_3.13.3312.0_x64__qbz5n2kfra8p0\Lib\urllib\request.py", line 466, in _call_chain
    result = func(*args)
  File "C:\Program Files\WindowsApps\PythonSoftwareFoundation.Python.3.13_3.13.3312.0_x64__qbz5n2kfra8p0\Lib\urllib\request.py", line 1348, in http_open
    return self.do_open(http.client.HTTPConnection, req)
           ~~~~~~~~~~~~^^^^^^^^^^^^^^^^^^^^^^^^^^^^^^^^^
  File "C:\Program Files\WindowsApps\PythonSoftwareFoundation.Python.3.13_3.13.3312.0_x64__qbz5n2kfra8p0\Lib\urllib\request.py", line 1323, in do_open
    r = h.getresponse()
  File "C:\Program Files\WindowsApps\PythonSoftwareFoundation.Python.3.13_3.13.3312.0_x64__qbz5n2kfra8p0\Lib\http\client.py", line 1450, in getresponse
    response.begin()
    ~~~~~~~~~~~~~~^^
  File "C:\Program Files\WindowsApps\PythonSoftwareFoundation.Python.3.13_3.13.3312.0_x64__qbz5n2kfra8p0\Lib\http\client.py", line 336, in begin
    version, status, reason = self._read_status()
                              ~~~~~~~~~~~~~~~~~^^
  File "C:\Program Files\WindowsApps\PythonSoftwareFoundation.Python.3.13_3.13.3312.0_x64__qbz5n2kfra8p0\Lib\http\client.py", line 297, in _read_status
    line = str(self.fp.readline(_MAXLINE + 1), "iso-8859-1")
               ~~~~~~~~~~~~~~~~^^^^^^^^^^^^^^
  File "C:\Program Files\WindowsApps\PythonSoftwareFoundation.Python.3.13_3.13.3312.0_x64__qbz5n2kfra8p0\Lib\socket.py", line 719, in readinto
    return self._sock.recv_into(b)
           ~~~~~~~~~~~~~~~~~~~~^^^
TimeoutError: timed out

During handling of the above exception, another exception occurred:

Traceback (most recent call last):
  File "C:\Program Files\WindowsApps\PythonSoftwareFoundation.Python.3.13_3.13.3312.0_x64__qbz5n2kfra8p0\Lib\socketserver.py", line 318, in _handle_request_noblock
    self.process_request(request, client_address)
    ~~~~~~~~~~~~~~~~~~~~^^^^^^^^^^^^^^^^^^^^^^^^^
  File "C:\Program Files\WindowsApps\PythonSoftwareFoundation.Python.3.13_3.13.3312.0_x64__qbz5n2kfra8p0\Lib\socketserver.py", line 349, in process_request
    self.finish_request(request, client_address)
    ~~~~~~~~~~~~~~~~~~~^^^^^^^^^^^^^^^^^^^^^^^^^
  File "C:\Program Files\WindowsApps\PythonSoftwareFoundation.Python.3.13_3.13.3312.0_x64__qbz5n2kfra8p0\Lib\socketserver.py", line 362, in finish_request
    self.RequestHandlerClass(request, client_address, self)
    ~~~~~~~~~~~~~~~~~~~~~~~~^^^^^^^^^^^^^^^^^^^^^^^^^^^^^^^
  File "C:\Program Files\WindowsApps\PythonSoftwareFoundation.Python.3.13_3.13.3312.0_x64__qbz5n2kfra8p0\Lib\socketserver.py", line 766, in __init__
    self.handle()
    ~~~~~~~~~~~^^
  File "C:\Program Files\WindowsApps\PythonSoftwareFoundation.Python.3.13_3.13.3312.0_x64__qbz5n2kfra8p0\Lib\http\server.py", line 447, in handle
    self.handle_one_request()
    ~~~~~~~~~~~~~~~~~~~~~~~^^
  File "C:\Program Files\WindowsApps\PythonSoftwareFoundation.Python.3.13_3.13.3312.0_x64__qbz5n2kfra8p0\Lib\http\server.py", line 435, in handle_one_request
    method()
    ~~~~~~^^
  File "D:\DFIR Coding AI\bin\kb\dfir_kb_bridge.py", line 171, in do_POST
    self._handle_chat()
    ~~~~~~~~~~~~~~~~~^^
  File "D:\DFIR Coding AI\bin\kb\dfir_kb_bridge.py", line 393, in _handle_chat
    return self._send(502, {"error": "llama_forward_failed", "detail": str(e)})
           ~~~~~~~~~~^^^^^^^^^^^^^^^^^^^^^^^^^^^^^^^^^^^^^^^^^^^^^^^^^^^^^^^^^^
  File "D:\DFIR Coding AI\bin\kb\dfir_kb_bridge.py", line 167, in _send
    self.wfile.write(data)
    ~~~~~~~~~~~~~~~~^^^^^^
  File "C:\Program Files\WindowsApps\PythonSoftwareFoundation.Python.3.13_3.13.3312.0_x64__qbz5n2kfra8p0\Lib\socketserver.py", line 845, in write
    self._sock.sendall(b)
    ~~~~~~~~~~~~~~~~~~^^^
ConnectionAbortedError: [WinError 10053] An established connection was aborted by the software in your host machine
----------------------------------------
127.0.0.1 - - [16/Feb/2026 23:01:48] "OPTIONS /chat HTTP/1.1" 204 -
127.0.0.1 - - [16/Feb/2026 23:02:48] "POST /chat HTTP/1.1" 502 -
127.0.0.1 - - [16/Feb/2026 23:03:40] "OPTIONS /chat HTTP/1.1" 204 -
127.0.0.1 - - [16/Feb/2026 23:04:40] "POST /chat HTTP/1.1" 502 -
----------------------------------------
Exception occurred during processing of request from ('127.0.0.1', 59562)
Traceback (most recent call last):
  File "D:\DFIR Coding AI\bin\kb\dfir_kb_bridge.py", line 389, in _handle_chat
    with urlopen(r, timeout=120) as resp:
         ^^^^^^^^^^^^^^^^^^^^^^
  File "C:\Program Files\WindowsApps\PythonSoftwareFoundation.Python.3.13_3.13.3312.0_x64__qbz5n2kfra8p0\Lib\urllib\request.py", line 189, in urlopen
    return opener.open(url, data, timeout)
           ~~~~~~~~~~~^^^^^^^^^^^^^^^^^^^^
  File "C:\Program Files\WindowsApps\PythonSoftwareFoundation.Python.3.13_3.13.3312.0_x64__qbz5n2kfra8p0\Lib\urllib\request.py", line 489, in open
    response = self._open(req, data)
  File "C:\Program Files\WindowsApps\PythonSoftwareFoundation.Python.3.13_3.13.3312.0_x64__qbz5n2kfra8p0\Lib\urllib\request.py", line 506, in _open
    result = self._call_chain(self.handle_open, protocol, protocol +
                              '_open', req)
  File "C:\Program Files\WindowsApps\PythonSoftwareFoundation.Python.3.13_3.13.3312.0_x64__qbz5n2kfra8p0\Lib\urllib\request.py", line 466, in _call_chain
    result = func(*args)
  File "C:\Program Files\WindowsApps\PythonSoftwareFoundation.Python.3.13_3.13.3312.0_x64__qbz5n2kfra8p0\Lib\urllib\request.py", line 1348, in http_open
    return self.do_open(http.client.HTTPConnection, req)
           ~~~~~~~~~~~~^^^^^^^^^^^^^^^^^^^^^^^^^^^^^^^^^
  File "C:\Program Files\WindowsApps\PythonSoftwareFoundation.Python.3.13_3.13.3312.0_x64__qbz5n2kfra8p0\Lib\urllib\request.py", line 1323, in do_open
    r = h.getresponse()
  File "C:\Program Files\WindowsApps\PythonSoftwareFoundation.Python.3.13_3.13.3312.0_x64__qbz5n2kfra8p0\Lib\http\client.py", line 1450, in getresponse
    response.begin()
    ~~~~~~~~~~~~~~^^
  File "C:\Program Files\WindowsApps\PythonSoftwareFoundation.Python.3.13_3.13.3312.0_x64__qbz5n2kfra8p0\Lib\http\client.py", line 336, in begin
    version, status, reason = self._read_status()
                              ~~~~~~~~~~~~~~~~~^^
  File "C:\Program Files\WindowsApps\PythonSoftwareFoundation.Python.3.13_3.13.3312.0_x64__qbz5n2kfra8p0\Lib\http\client.py", line 297, in _read_status
    line = str(self.fp.readline(_MAXLINE + 1), "iso-8859-1")
               ~~~~~~~~~~~~~~~~^^^^^^^^^^^^^^
  File "C:\Program Files\WindowsApps\PythonSoftwareFoundation.Python.3.13_3.13.3312.0_x64__qbz5n2kfra8p0\Lib\socket.py", line 719, in readinto
    return self._sock.recv_into(b)
           ~~~~~~~~~~~~~~~~~~~~^^^
TimeoutError: timed out

During handling of the above exception, another exception occurred:

Traceback (most recent call last):
  File "C:\Program Files\WindowsApps\PythonSoftwareFoundation.Python.3.13_3.13.3312.0_x64__qbz5n2kfra8p0\Lib\socketserver.py", line 318, in _handle_request_noblock
    self.process_request(request, client_address)
    ~~~~~~~~~~~~~~~~~~~~^^^^^^^^^^^^^^^^^^^^^^^^^
  File "C:\Program Files\WindowsApps\PythonSoftwareFoundation.Python.3.13_3.13.3312.0_x64__qbz5n2kfra8p0\Lib\socketserver.py", line 349, in process_request
    self.finish_request(request, client_address)
    ~~~~~~~~~~~~~~~~~~~^^^^^^^^^^^^^^^^^^^^^^^^^
  File "C:\Program Files\WindowsApps\PythonSoftwareFoundation.Python.3.13_3.13.3312.0_x64__qbz5n2kfra8p0\Lib\socketserver.py", line 362, in finish_request
    self.RequestHandlerClass(request, client_address, self)
    ~~~~~~~~~~~~~~~~~~~~~~~~^^^^^^^^^^^^^^^^^^^^^^^^^^^^^^^
  File "C:\Program Files\WindowsApps\PythonSoftwareFoundation.Python.3.13_3.13.3312.0_x64__qbz5n2kfra8p0\Lib\socketserver.py", line 766, in __init__
    self.handle()
    ~~~~~~~~~~~^^
  File "C:\Program Files\WindowsApps\PythonSoftwareFoundation.Python.3.13_3.13.3312.0_x64__qbz5n2kfra8p0\Lib\http\server.py", line 447, in handle
    self.handle_one_request()
    ~~~~~~~~~~~~~~~~~~~~~~~^^
  File "C:\Program Files\WindowsApps\PythonSoftwareFoundation.Python.3.13_3.13.3312.0_x64__qbz5n2kfra8p0\Lib\http\server.py", line 435, in handle_one_request
    method()
    ~~~~~~^^
  File "D:\DFIR Coding AI\bin\kb\dfir_kb_bridge.py", line 171, in do_POST
    self._handle_chat()
    ~~~~~~~~~~~~~~~~~^^
  File "D:\DFIR Coding AI\bin\kb\dfir_kb_bridge.py", line 393, in _handle_chat
    return self._send(502, {"error": "llama_forward_failed", "detail": str(e)})
           ~~~~~~~~~~^^^^^^^^^^^^^^^^^^^^^^^^^^^^^^^^^^^^^^^^^^^^^^^^^^^^^^^^^^
  File "D:\DFIR Coding AI\bin\kb\dfir_kb_bridge.py", line 167, in _send
    self.wfile.write(data)
    ~~~~~~~~~~~~~~~~^^^^^^
  File "C:\Program Files\WindowsApps\PythonSoftwareFoundation.Python.3.13_3.13.3312.0_x64__qbz5n2kfra8p0\Lib\socketserver.py", line 845, in write
    self._sock.sendall(b)
    ~~~~~~~~~~~~~~~~~~^^^
ConnectionAbortedError: [WinError 10053] An established connection was aborted by the software in your host machine
----------------------------------------
127.0.0.1 - - [16/Feb/2026 23:13:48] "GET /health HTTP/1.1" 200 -
127.0.0.1 - - [16/Feb/2026 23:16:51] "GET /health HTTP/1.1" 200 -
127.0.0.1 - - [17/Feb/2026 22:14:49] "OPTIONS /chat HTTP/1.1" 204 -
127.0.0.1 - - [17/Feb/2026 22:14:53] "POST /chat HTTP/1.1" 200 -
127.0.0.1 - - [17/Feb/2026 22:15:29] "OPTIONS /chat HTTP/1.1" 204 -
127.0.0.1 - - [17/Feb/2026 22:15:55] "POST /chat HTTP/1.1" 200 -
127.0.0.1 - - [17/Feb/2026 22:21:56] "OPTIONS /chat HTTP/1.1" 204 -
127.0.0.1 - - [17/Feb/2026 22:23:08] "POST /chat HTTP/1.1" 200 -
127.0.0.1 - - [17/Feb/2026 22:25:41] "OPTIONS /chat HTTP/1.1" 204 -
127.0.0.1 - - [17/Feb/2026 22:25:47] "POST /chat HTTP/1.1" 200 -
127.0.0.1 - - [17/Feb/2026 22:29:07] "OPTIONS /chat HTTP/1.1" 204 -
127.0.0.1 - - [17/Feb/2026 22:29:11] "POST /chat HTTP/1.1" 200 -
127.0.0.1 - - [17/Feb/2026 22:34:49] "OPTIONS /chat HTTP/1.1" 204 -
127.0.0.1 - - [17/Feb/2026 22:34:52] "POST /chat HTTP/1.1" 200 -
127.0.0.1 - - [19/Mar/2026 20:58:58] "OPTIONS /chat HTTP/1.1" 200 -
127.0.0.1 - - [19/Mar/2026 21:00:04] "POST /chat HTTP/1.1" 200 -
127.0.0.1 - - [19/Mar/2026 23:03:05] "OPTIONS /chat HTTP/1.1" 200 -
127.0.0.1 - - [19/Mar/2026 23:04:18] "POST /chat HTTP/1.1" 200 -
127.0.0.1 - - [20/Mar/2026 20:22:11] "OPTIONS /chat HTTP/1.1" 200 -
127.0.0.1 - - [20/Mar/2026 20:22:55] "POST /chat HTTP/1.1" 200 -
