    Checking forensic_engine v0.1.0 (D:\forensic-suite\engine)
warning: this function has too many arguments (16/7)
   --> engine\src\analysis\scoring.rs:93:5
    |
 93 | /     pub fn from_row(
 94 | |         id: i64,
 95 | |         source_type: String,
 96 | |         source_id: String,
...   |
109 | |         summary_json: serde_json::Value,
110 | |     ) -> Self {
    | |_____________^
    |
    = help: for further information visit https://rust-lang.github.io/rust-clippy/rust-1.92.0/index.html#too_many_arguments
    = note: `#[warn(clippy::too_many_arguments)]` on by default

warning: this function has too many arguments (8/7)
    --> engine\src\case\database.rs:1228:5
     |
1228 | /     pub fn add_evidence_with_detection(
1229 | |         &self,
1230 | |         case_id: &str,
1231 | |         evidence_id: &str,
...    |
1236 | |         detection: &crate::evidence::DetectionOutput,
1237 | |     ) -> SqliteResult<()> {
     | |_________________________^
     |
     = help: for further information visit https://rust-lang.github.io/rust-clippy/rust-1.92.0/index.html#too_many_arguments

warning: this function has too many arguments (12/7)
    --> engine\src\case\database.rs:1775:5
     |
1775 | /     pub fn upsert_global_entity(
1776 | |         &self,
1777 | |         case_id: &str,
1778 | |         entity_type: &str,
...    |
1787 | |         json_data: &str,
1788 | |     ) -> SqliteResult<()> {
     | |_________________________^
     |
     = help: for further information visit https://rust-lang.github.io/rust-clippy/rust-1.92.0/index.html#too_many_arguments

warning: this function has too many arguments (12/7)
    --> engine\src\case\database.rs:1856:5
     |
1856 | /     pub fn global_search(
1857 | |         &self,
1858 | |         case_id: &str,
1859 | |         query: &str,
...    |
1868 | |         after_rowid: Option<i64>,
1869 | |     ) -> SqliteResult<Vec<GlobalSearchHit>> {
     | |___________________________________________^
     |
     = help: for further information visit https://rust-lang.github.io/rust-clippy/rust-1.92.0/index.html#too_many_arguments

warning: this function has too many arguments (12/7)
    --> engine\src\case\database.rs:2482:5
     |
2482 | /     pub fn insert_file_strings(
2483 | |         &self,
2484 | |         case_id: &str,
2485 | |         evidence_id: Option<&str>,
...    |
2494 | |         strings_json: &str,
2495 | |     ) -> SqliteResult<()> {
     | |_________________________^
     |
     = help: for further information visit https://rust-lang.github.io/rust-clippy/rust-1.92.0/index.html#too_many_arguments

warning: this function has too many arguments (9/7)
    --> engine\src\case\database.rs:2612:5
     |
2612 | /     pub fn insert_ioc_hit(
2613 | |         &self,
2614 | |         case_id: &str,
2615 | |         rule_id: i64,
...    |
2621 | |         context_json: &str,
2622 | |     ) -> SqliteResult<()> {
     | |_________________________^
     |
     = help: for further information visit https://rust-lang.github.io/rust-clippy/rust-1.92.0/index.html#too_many_arguments

warning: this function has too many arguments (13/7)
    --> engine\src\case\database.rs:2683:5
     |
2683 | /     pub fn insert_carved_file(
2684 | |         &self,
2685 | |         case_id: &str,
2686 | |         evidence_id: &str,
...    |
2696 | |         details_json: &str,
2697 | |     ) -> SqliteResult<i64> {
     | |__________________________^
     |
     = help: for further information visit https://rust-lang.github.io/rust-clippy/rust-1.92.0/index.html#too_many_arguments

warning: this function has too many arguments (23/7)
    --> engine\src\case\database.rs:2798:5
     |
2798 | /     pub fn upsert_file_table_row(
2799 | |         &self,
2800 | |         case_id: &str,
2801 | |         source_type: &str,
...    |
2821 | |         summary_json: &str,
2822 | |     ) -> SqliteResult<()> {
     | |_________________________^
     |
     = help: for further information visit https://rust-lang.github.io/rust-clippy/rust-1.92.0/index.html#too_many_arguments

warning: this function has too many arguments (8/7)
  --> engine\src\case\integrity.rs:26:5
   |
26 | /     pub fn new(
27 | |         event_id: &str,
28 | |         case_id: &str,
29 | |         user_name: &str,
...  |
34 | |         ts_local: &str,
35 | |     ) -> Self {
   | |_____________^
   |
   = help: for further information visit https://rust-lang.github.io/rust-clippy/rust-1.92.0/index.html#too_many_arguments

warning: used `assert_eq!` with a literal bool
   --> engine\src\case\examiner_presets.rs:655:9
    |
655 |         assert_eq!(options.fail_on_violations, true);
    |         ^^^^^^^^^^^^^^^^^^^^^^^^^^^^^^^^^^^^^^^^^^^^
    |
    = help: for further information visit https://rust-lang.github.io/rust-clippy/rust-1.92.0/index.html#bool_assert_comparison
    = note: `#[warn(clippy::bool_assert_comparison)]` on by default
help: replace it with `assert!(..)`
    |
655 -         assert_eq!(options.fail_on_violations, true);
655 +         assert!(options.fail_on_violations);
    |

warning: used `assert_eq!` with a literal bool
   --> engine\src\case\examiner_presets.rs:656:9
    |
656 |         assert_eq!(options.allow_verify_warn, true);
    |         ^^^^^^^^^^^^^^^^^^^^^^^^^^^^^^^^^^^^^^^^^^^
    |
    = help: for further information visit https://rust-lang.github.io/rust-clippy/rust-1.92.0/index.html#bool_assert_comparison
help: replace it with `assert!(..)`
    |
656 -         assert_eq!(options.allow_verify_warn, true);
656 +         assert!(options.allow_verify_warn);
    |

warning: this function has too many arguments (12/7)
    --> engine\src\case\verify.rs:995:1
     |
 995 | / fn compute_activity_event_hash(
 996 | |     event_id: &str,
 997 | |     case_id: &str,
 998 | |     event_type: &str,
...    |
1007 | |     prev_hash: Option<&str>,
1008 | | ) -> String {
     | |___________^
     |
     = help: for further information visit https://rust-lang.github.io/rust-clippy/rust-1.92.0/index.html#too_many_arguments

warning: this function has too many arguments (9/7)
   --> engine\src\catalog\mod.rs:119:5
    |
119 | /     pub fn insert_evidence(
120 | |         &mut self,
121 | |         case_id: &str,
122 | |         path: &str,
...   |
128 | |         disk_layout: &str,
129 | |     ) -> SqliteResult<i64> {
    | |__________________________^
    |
    = help: for further information visit https://rust-lang.github.io/rust-clippy/rust-1.92.0/index.html#too_many_arguments

warning: this function has too many arguments (9/7)
   --> engine\src\catalog\mod.rs:159:5
    |
159 | /     pub fn insert_file(
160 | |         &mut self,
161 | |         volume_id: i64,
162 | |         record_number: u32,
...   |
168 | |         modified: Option<i64>,
169 | |     ) -> SqliteResult<i64> {
    | |__________________________^
    |
    = help: for further information visit https://rust-lang.github.io/rust-clippy/rust-1.92.0/index.html#too_many_arguments

warning: this expression creates a reference which is immediately dereferenced by the compiler
   --> engine\src\classification\errorreporting.rs:220:44
    |
220 |     let data = super::scalpel::read_prefix(&path, super::scalpel::DEFAULT_BINARY_MAX_BYTES)?;
    |                                            ^^^^^ help: change this to: `path`
    |
    = help: for further information visit https://rust-lang.github.io/rust-clippy/rust-1.92.0/index.html#needless_borrow
    = note: `#[warn(clippy::needless_borrow)]` on by default

warning: this `if` statement can be collapsed
   --> engine\src\classification\errorreporting.rs:242:5
    |
242 | /     if &data[0..4] == b"MDMP" {
243 | |         if data.len() > 24 {
244 | |             let dump_time = u32::from_le_bytes([data[12], data[13], data[14], data[15]]);
245 | |             if dump_time > 0 {
...   |
249 | |     }
    | |_____^
    |
    = help: for further information visit https://rust-lang.github.io/rust-clippy/rust-1.92.0/index.html#collapsible_if
    = note: `#[warn(clippy::collapsible_if)]` on by default
help: collapse nested if block
    |
242 ~     if &data[0..4] == b"MDMP"
243 ~         && data.len() > 24 {
244 |             let dump_time = u32::from_le_bytes([data[12], data[13], data[14], data[15]]);
...
247 |             }
248 ~         }
    |

warning: manual `RangeInclusive::contains` implementation
   --> engine\src\classification\exif.rs:138:19
    |
138 |           } else if marker >= 0xC0
    |  ___________________^
139 | |             && marker <= 0xCF
    | |_____________________________^ help: use: `(0xC0..=0xCF).contains(&marker)`
    |
    = help: for further information visit https://rust-lang.github.io/rust-clippy/rust-1.92.0/index.html#manual_range_contains
    = note: `#[warn(clippy::manual_range_contains)]` on by default

warning: this manual char comparison can be written more succinctly
   --> engine\src\classification\exif.rs:382:16
    |
382 |         .split(|c| c == ' ' || c == ':' || c == '-')
    |                ^^^^^^^^^^^^^^^^^^^^^^^^^^^^^^^^^^^^ help: consider using an array of `char`: `[' ', ':', '-']`
    |
    = help: for further information visit https://rust-lang.github.io/rust-clippy/rust-1.92.0/index.html#manual_pattern_char_comparison
    = note: `#[warn(clippy::manual_pattern_char_comparison)]` on by default

warning: field assignment outside of initializer for an instance created with Default::default()
    --> engine\src\case\verify.rs:1812:9
     |
1812 |         options.verify_fts_queue_empty = true;
     |         ^^^^^^^^^^^^^^^^^^^^^^^^^^^^^^^^^^^^^^
     |
note: consider initializing the variable with `case::verify::VerifyOptions { verify_fts_queue_empty: true, ..Default::default() }` and removing relevant reassignments
    --> engine\src\case\verify.rs:1811:9
     |
1811 |         let mut options = VerifyOptions::default();
     |         ^^^^^^^^^^^^^^^^^^^^^^^^^^^^^^^^^^^^^^^^^^^
     = help: for further information visit https://rust-lang.github.io/rust-clippy/rust-1.92.0/index.html#field_reassign_with_default
     = note: `#[warn(clippy::field_reassign_with_default)]` on by default

warning: accessing first element with `parts.get(0)`
  --> engine\src\classification\hashdb.rs:52:27
   |
52 |                 let md5 = parts.get(0).map(|s| s.to_lowercase());
   |                           ^^^^^^^^^^^^ help: try: `parts.first()`
   |
   = help: for further information visit https://rust-lang.github.io/rust-clippy/rust-1.92.0/index.html#get_first
   = note: `#[warn(clippy::get_first)]` on by default

warning: needlessly taken reference of left operand
  --> engine\src\classification\image.rs:36:27
   |
36 |     if data.len() >= 4 && &data[0..4] == [0x89, 0x50, 0x4E, 0x47] {
   |                           -----------^^^^^^^^^^^^^^^^^^^^^^^^^^^^
   |                           |
   |                           help: use the left value directly: `data[0..4]`
   |
   = help: for further information visit https://rust-lang.github.io/rust-clippy/rust-1.92.0/index.html#op_ref
   = note: `#[warn(clippy::op_ref)]` on by default

warning: needlessly taken reference of left operand
  --> engine\src\classification\image.rs:39:27
   |
39 |     if data.len() >= 2 && &data[0..2] == [0xFF, 0xD8] {
   |                           -----------^^^^^^^^^^^^^^^^
   |                           |
   |                           help: use the left value directly: `data[0..2]`
   |
   = help: for further information visit https://rust-lang.github.io/rust-clippy/rust-1.92.0/index.html#op_ref

warning: needlessly taken reference of left operand
  --> engine\src\classification\image.rs:48:27
   |
48 |     if data.len() >= 4 && &data[0..4] == [0x49, 0x49, 0x2A, 0x00] {
   |                           -----------^^^^^^^^^^^^^^^^^^^^^^^^^^^^
   |                           |
   |                           help: use the left value directly: `data[0..4]`
   |
   = help: for further information visit https://rust-lang.github.io/rust-clippy/rust-1.92.0/index.html#op_ref

warning: this `impl` can be derived
  --> engine\src\classification\lnk.rs:49:1
   |
49 | / impl Default for LnkFlags {
50 | |     fn default() -> Self {
51 | |         Self {
52 | |             has_link_target_id_list: false,
...  |
75 | | }
   | |_^
   |
   = help: for further information visit https://rust-lang.github.io/rust-clippy/rust-1.92.0/index.html#derivable_impls
   = note: `#[warn(clippy::derivable_impls)]` on by default
help: replace the manual implementation with a derive attribute
   |
25 + #[derive(Default)]
26 | pub struct LnkFlags {
   |

warning: this `if` statement can be collapsed
   --> engine\src\classification\lnk.rs:162:5
    |
162 | /     if lnk.flags.has_link_target_id_list {
163 | |         if offset + 2 <= data.len() {
164 | |             let id_list_size = u16::from_le_bytes([data[offset], data[offset + 1]]) as usize;
165 | |             offset += 2;
...   |
185 | |     }
    | |_____^
    |
    = help: for further information visit https://rust-lang.github.io/rust-clippy/rust-1.92.0/index.html#collapsible_if
help: collapse nested if block
    |
162 ~     if lnk.flags.has_link_target_id_list
163 ~         && offset + 2 <= data.len() {
164 |             let id_list_size = u16::from_le_bytes([data[offset], data[offset + 1]]) as usize;
...
183 |             }
184 ~         }
    |

warning: this `if` statement can be collapsed
   --> engine\src\classification\lnk.rs:187:5
    |
187 | /     if lnk.flags.has_link_info {
188 | |         if offset + 4 <= data.len() {
189 | |             let link_info_size = u32::from_le_bytes([
190 | |                 data[offset],
...   |
263 | |     }
    | |_____^
    |
    = help: for further information visit https://rust-lang.github.io/rust-clippy/rust-1.92.0/index.html#collapsible_if
help: collapse nested if block
    |
187 ~     if lnk.flags.has_link_info
188 ~         && offset + 4 <= data.len() {
189 |             let link_info_size = u32::from_le_bytes([
...
261 |             offset += link_info_size;
262 ~         }
    |

warning: this `if` statement can be collapsed
   --> engine\src\classification\lnk.rs:265:5
    |
265 | /     if lnk.flags.has_name {
266 | |         if offset + 2 <= data.len() {
267 | |             let name_size = u16::from_le_bytes([data[offset], data[offset + 1]]) as usize;
268 | |             offset += 2;
...   |
281 | |     }
    | |_____^
    |
    = help: for further information visit https://rust-lang.github.io/rust-clippy/rust-1.92.0/index.html#collapsible_if
help: collapse nested if block
    |
265 ~     if lnk.flags.has_name
266 ~         && offset + 2 <= data.len() {
267 |             let name_size = u16::from_le_bytes([data[offset], data[offset + 1]]) as usize;
...
279 |             offset += name_size;
280 ~         }
    |

warning: this `if` statement can be collapsed
   --> engine\src\classification\lnk.rs:283:5
    |
283 | /     if lnk.flags.has_working_dir {
284 | |         if offset + 2 <= data.len() {
285 | |             let dir_size = u16::from_le_bytes([data[offset], data[offset + 1]]) as usize;
286 | |             offset += 2;
...   |
297 | |     }
    | |_____^
    |
    = help: for further information visit https://rust-lang.github.io/rust-clippy/rust-1.92.0/index.html#collapsible_if
help: collapse nested if block
    |
283 ~     if lnk.flags.has_working_dir
284 ~         && offset + 2 <= data.len() {
285 |             let dir_size = u16::from_le_bytes([data[offset], data[offset + 1]]) as usize;
...
295 |             offset += dir_size;
296 ~         }
    |

warning: this `if` statement can be collapsed
   --> engine\src\classification\lnk.rs:299:5
    |
299 | /     if lnk.flags.has_arguments {
300 | |         if offset + 2 <= data.len() {
301 | |             let args_size = u16::from_le_bytes([data[offset], data[offset + 1]]) as usize;
302 | |             offset += 2;
...   |
313 | |     }
    | |_____^
    |
    = help: for further information visit https://rust-lang.github.io/rust-clippy/rust-1.92.0/index.html#collapsible_if
help: collapse nested if block
    |
299 ~     if lnk.flags.has_arguments
300 ~         && offset + 2 <= data.len() {
301 |             let args_size = u16::from_le_bytes([data[offset], data[offset + 1]]) as usize;
...
311 |             offset += args_size;
312 ~         }
    |

warning: this `if` statement can be collapsed
   --> engine\src\classification\lnk.rs:315:5
    |
315 | /     if lnk.flags.has_icon_location {
316 | |         if offset + 2 <= data.len() {
317 | |             let icon_size = u16::from_le_bytes([data[offset], data[offset + 1]]) as usize;
318 | |             offset += 2;
...   |
328 | |     }
    | |_____^
    |
    = help: for further information visit https://rust-lang.github.io/rust-clippy/rust-1.92.0/index.html#collapsible_if
help: collapse nested if block
    |
315 ~     if lnk.flags.has_icon_location
316 ~         && offset + 2 <= data.len() {
317 |             let icon_size = u16::from_le_bytes([data[offset], data[offset + 1]]) as usize;
...
326 |             }
327 ~         }
    |

warning: this `if` has identical blocks
   --> engine\src\classification\lnk.rs:437:32
    |
437 |               if data.len() > 18 {
    |  ________________________________^
438 | |                 Some("Network Share".to_string())
439 | |             } else {
    | |_____________^
    |
note: same as this
   --> engine\src\classification\lnk.rs:439:20
    |
439 |               } else {
    |  ____________________^
440 | |                 Some("Network Share".to_string())
441 | |             }
    | |_____________^
    = help: for further information visit https://rust-lang.github.io/rust-clippy/rust-1.92.0/index.html#if_same_then_else
    = note: `#[warn(clippy::if_same_then_else)]` on by default

warning: very complex type used. Consider factoring parts into `type` definitions
   --> engine\src\classification\macos_artifacts.rs:102:13
    |
102 |     parser: fn(&str) -> Vec<(String, Option<u64>)>,
    |             ^^^^^^^^^^^^^^^^^^^^^^^^^^^^^^^^^^^^^^
    |
    = help: for further information visit https://rust-lang.github.io/rust-clippy/rust-1.92.0/index.html#type_complexity
    = note: `#[warn(clippy::type_complexity)]` on by default

warning: this expression creates a reference which is immediately dereferenced by the compiler
  --> engine\src\classification\metadata.rs:91:41
   |
91 |             super::scalpel::read_prefix(&path, super::scalpel::DEFAULT_BINARY_MAX_BYTES)
   |                                         ^^^^^ help: change this to: `path`
   |
   = help: for further information visit https://rust-lang.github.io/rust-clippy/rust-1.92.0/index.html#needless_borrow

warning: this expression creates a reference which is immediately dereferenced by the compiler
   --> engine\src\classification\metadata.rs:101:41
    |
101 |             super::scalpel::read_prefix(&path, super::scalpel::DEFAULT_BINARY_MAX_BYTES)
    |                                         ^^^^^ help: change this to: `path`
    |
    = help: for further information visit https://rust-lang.github.io/rust-clippy/rust-1.92.0/index.html#needless_borrow

warning: matching on `Some` with `ok()` is redundant
   --> engine\src\classification\metadata.rs:169:5
    |
169 |     if let Some(version) = String::from_utf8(data[5..10].to_vec()).ok() {
    |     ^^^^^^^^^^^^^^^^^^^^^^^^^^^^^^^^^^^^^^^^^^^^^^^^^^^^^^^^^^^^^^^^^^^
    |
    = help: for further information visit https://rust-lang.github.io/rust-clippy/rust-1.92.0/index.html#match_result_ok
    = note: `#[warn(clippy::match_result_ok)]` on by default
help: consider matching on `Ok(version)` and removing the call to `ok` instead
    |
169 -     if let Some(version) = String::from_utf8(data[5..10].to_vec()).ok() {
169 +     if let Ok(version) = String::from_utf8(data[5..10].to_vec()) {
    |

warning: this expression creates a reference which is immediately dereferenced by the compiler
   --> engine\src\classification\metadata.rs:203:9
    |
203 |         &path,
    |         ^^^^^ help: change this to: `path`
    |
    = help: for further information visit https://rust-lang.github.io/rust-clippy/rust-1.92.0/index.html#needless_borrow

warning: the following explicit lifetimes could be elided: 'a
   --> engine\src\classification\mftparse.rs:317:26
    |
317 | fn resident_attr_content<'a>(
    |                          ^^
318 |     data: &'a [u8],
    |            ^^
...
321 | ) -> Option<&'a [u8]> {
    |              ^^
    |
    = help: for further information visit https://rust-lang.github.io/rust-clippy/rust-1.92.0/index.html#needless_lifetimes
    = note: `#[warn(clippy::needless_lifetimes)]` on by default
help: elide the lifetimes
    |
317 ~ fn resident_attr_content(
318 ~     data: &[u8],
319 |     attr_offset: usize,
320 |     attr_len: usize,
321 ~ ) -> Option<&[u8]> {
    |

warning: writing `&PathBuf` instead of `&Path` involves a new object where a slice will do
   --> engine\src\classification\mobile.rs:107:41
    |
107 | pub fn parse_itunes_backup(backup_path: &PathBuf) -> Result<ITunesBackup, ForensicError> {
    |                                         ^^^^^^^^ help: change this to: `&Path`
    |
    = help: for further information visit https://rust-lang.github.io/rust-clippy/rust-1.92.0/index.html#ptr_arg
    = note: `#[warn(clippy::ptr_arg)]` on by default

warning: writing `&PathBuf` instead of `&Path` involves a new object where a slice will do
   --> engine\src\classification\mobile.rs:150:18
    |
150 |     backup_path: &PathBuf,
    |                  ^^^^^^^^ help: change this to: `&Path`
    |
    = help: for further information visit https://rust-lang.github.io/rust-clippy/rust-1.92.0/index.html#ptr_arg

warning: writing `&PathBuf` instead of `&Path` involves a new object where a slice will do
   --> engine\src\classification\mobile.rs:421:30
    |
421 | fn resolve_path(backup_path: &PathBuf, env_key: &str, file: &str) -> PathBuf {
    |                              ^^^^^^^^ help: change this to: `&Path`
    |
    = help: for further information visit https://rust-lang.github.io/rust-clippy/rust-1.92.0/index.html#ptr_arg

warning: this expression creates a reference which is immediately dereferenced by the compiler
  --> engine\src\classification\network.rs:75:51
   |
75 |     if let Ok(data) = super::scalpel::read_prefix(&path, super::scalpel::DEFAULT_BINARY_MAX_BYTES) {
   |                                                   ^^^^^ help: change this to: `path`
   |
   = help: for further information visit https://rust-lang.github.io/rust-clippy/rust-1.92.0/index.html#needless_borrow

warning: this `if` statement can be collapsed
   --> engine\src\classification\network.rs:93:17
    |
 93 | /                 if name.contains("SSID") {
 94 | |                     if value_data.len() > 4 {
 95 | |                         let ssid_len = value_data[0] as usize;
 96 | |                         if ssid_len > 0 && ssid_len < value_data.len() - 1 {
...   |
101 | |                 }
    | |_________________^
    |
    = help: for further information visit https://rust-lang.github.io/rust-clippy/rust-1.92.0/index.html#collapsible_if
help: collapse nested if block
    |
 93 ~                 if name.contains("SSID")
 94 ~                     && value_data.len() > 4 {
 95 |                         let ssid_len = value_data[0] as usize;
...
 99 |                         }
100 ~                     }
    |

warning: writing `&PathBuf` instead of `&Path` involves a new object where a slice will do
  --> engine\src\classification\onedrive.rs:63:18
   |
63 |     config_path: &PathBuf,
   |                  ^^^^^^^^
   |
   = help: for further information visit https://rust-lang.github.io/rust-clippy/rust-1.92.0/index.html#ptr_arg
help: change this to
   |
63 ~     config_path: &Path,
64 | ) -> Result<HashMap<String, String>, ForensicError> {
65 ~     let v = load_value(config_path.to_path_buf());
   |

warning: writing `&PathBuf` instead of `&Path` involves a new object where a slice will do
  --> engine\src\classification\onedrive.rs:88:39
   |
88 | pub fn scan_onedrive_sync_db(db_path: &PathBuf) -> Result<OneDriveSyncState, ForensicError> {
   |                                       ^^^^^^^^
   |
   = help: for further information visit https://rust-lang.github.io/rust-clippy/rust-1.92.0/index.html#ptr_arg
help: change this to
   |
88 ~ pub fn scan_onedrive_sync_db(db_path: &Path) -> Result<OneDriveSyncState, ForensicError> {
89 ~     let Some(v) = load_value(db_path.to_path_buf()) else {
   |

warning: writing `&PathBuf` instead of `&Path` involves a new object where a slice will do
   --> engine\src\classification\onedrive.rs:129:37
    |
129 | pub fn parse_onedrive_log(log_path: &PathBuf) -> Result<Vec<OneDriveLogEntry>, ForensicError> {
    |                                     ^^^^^^^^
    |
    = help: for further information visit https://rust-lang.github.io/rust-clippy/rust-1.92.0/index.html#ptr_arg
help: change this to
    |
129 ~ pub fn parse_onedrive_log(log_path: &Path) -> Result<Vec<OneDriveLogEntry>, ForensicError> {
130 ~     let Some(items) = load(log_path.to_path_buf()) else {
    |

warning: casting to the same type is unnecessary (`u32` -> `u32`)
  --> engine\src\classification\passwords.rs:67:37
   |
67 |                 policy.min_length = size as u32;
   |                                     ^^^^^^^^^^^ help: try: `size`
   |
   = help: for further information visit https://rust-lang.github.io/rust-clippy/rust-1.92.0/index.html#unnecessary_cast
   = note: `#[warn(clippy::unnecessary_cast)]` on by default

warning: casting to the same type is unnecessary (`u32` -> `u32`)
  --> engine\src\classification\passwords.rs:70:37
   |
70 |                 policy.max_length = size as u32;
   |                                     ^^^^^^^^^^^ help: try: `size`
   |
   = help: for further information visit https://rust-lang.github.io/rust-clippy/rust-1.92.0/index.html#unnecessary_cast

warning: casting to the same type is unnecessary (`u32` -> `u32`)
  --> engine\src\classification\passwords.rs:76:40
   |
76 |                 policy.history_count = size as u32;
   |                                        ^^^^^^^^^^^ help: try: `size`
   |
   = help: for further information visit https://rust-lang.github.io/rust-clippy/rust-1.92.0/index.html#unnecessary_cast

warning: field assignment outside of initializer for an instance created with Default::default()
  --> engine\src\classification\prefetchdata.rs:40:5
   |
40 |     info.version = extract_prefetch_version(data);
   |     ^^^^^^^^^^^^^^^^^^^^^^^^^^^^^^^^^^^^^^^^^^^^^^
   |
note: consider initializing the variable with `classification::prefetchdata::PrefetchInfo { version: extract_prefetch_version(data), ..Default::default() }` and removing relevant reassignments
  --> engine\src\classification\prefetchdata.rs:39:5
   |
39 |     let mut info = PrefetchInfo::default();
   |     ^^^^^^^^^^^^^^^^^^^^^^^^^^^^^^^^^^^^^^^
   = help: for further information visit https://rust-lang.github.io/rust-clippy/rust-1.92.0/index.html#field_reassign_with_default
   = note: `#[warn(clippy::field_reassign_with_default)]` on by default

warning: this `if` statement can be collapsed
  --> engine\src\classification\prefetchdata.rs:52:9
   |
52 | /         if s.contains('\\') {
53 | |             if s.rsplit_once('\\').is_some() {
54 | |                 info.files.push(s.clone());
55 | |                 if let Some((dir, _)) = s.rsplit_once('\\') {
...  |
59 | |         }
   | |_________^
   |
   = help: for further information visit https://rust-lang.github.io/rust-clippy/rust-1.92.0/index.html#collapsible_if
help: collapse nested if block
   |
52 ~         if s.contains('\\')
53 ~             && s.rsplit_once('\\').is_some() {
54 |                 info.files.push(s.clone());
...
57 |                 }
58 ~             }
   |

warning: manual `Range::contains` implementation
   --> engine\src\classification\preview.rs:151:26
    |
151 |             .map(|&b| if b >= 32 && b < 127 { b as char } else { '.' })
    |                          ^^^^^^^^^^^^^^^^^^ help: use: `(32..127).contains(&b)`
    |
    = help: for further information visit https://rust-lang.github.io/rust-clippy/rust-1.92.0/index.html#manual_range_contains

warning: manual `Range::contains` implementation
   --> engine\src\classification\preview.rs:163:22
    |
163 |         .map(|&b| if b >= 32 && b < 127 { b as char } else { '.' })
    |                      ^^^^^^^^^^^^^^^^^^ help: use: `(32..127).contains(&b)`
    |
    = help: for further information visit https://rust-lang.github.io/rust-clippy/rust-1.92.0/index.html#manual_range_contains

warning: the borrowed expression implements the required traits
  --> engine\src\classification\printspooler.rs:61:55
   |
61 |                 if let Ok(sub_entries) = fs::read_dir(&entry.path()) {
   |                                                       ^^^^^^^^^^^^^ help: change this to: `entry.path()`
   |
   = help: for further information visit https://rust-lang.github.io/rust-clippy/rust-1.92.0/index.html#needless_borrows_for_generic_args
   = note: `#[warn(clippy::needless_borrows_for_generic_args)]` on by default

warning: the borrowed expression implements the required traits
   --> engine\src\classification\printspooler.rs:223:55
    |
223 |                 if let Ok(sub_entries) = fs::read_dir(&entry.path()) {
    |                                                       ^^^^^^^^^^^^^ help: change this to: `entry.path()`
    |
    = help: for further information visit https://rust-lang.github.io/rust-clippy/rust-1.92.0/index.html#needless_borrows_for_generic_args

warning: this expression creates a reference which is immediately dereferenced by the compiler
  --> engine\src\classification\recentdocs.rs:97:41
   |
97 |             super::scalpel::read_prefix(&lnk_path, super::scalpel::DEFAULT_BINARY_MAX_BYTES)
   |                                         ^^^^^^^^^ help: change this to: `lnk_path`
   |
   = help: for further information visit https://rust-lang.github.io/rust-clippy/rust-1.92.0/index.html#needless_borrow

warning: the borrowed expression implements the required traits
   --> engine\src\classification\recyclebin.rs:159:49
    |
159 |                 let deleted_time = fs::metadata(&file.path())
    |                                                 ^^^^^^^^^^^^ help: change this to: `file.path()`
    |
    = help: for further information visit https://rust-lang.github.io/rust-clippy/rust-1.92.0/index.html#needless_borrows_for_generic_args

warning: called `filter(..).next()` on an `Iterator`. This is more succinctly expressed by calling `.find(..)` instead
  --> engine\src\classification\regdesktop.rs:11:27
   |
11 |       if let Some(record) = records
   |  ___________________________^
12 | |         .iter()
13 | |         .filter(|r| {
14 | |             r.path
...  |
17 | |         })
18 | |         .next()
   | |_______________^
   |
   = help: for further information visit https://rust-lang.github.io/rust-clippy/rust-1.92.0/index.html#filter_next
   = note: `#[warn(clippy::filter_next)]` on by default

warning: this expression creates a reference which is immediately dereferenced by the compiler
  --> engine\src\classification\registry.rs:35:44
   |
35 |     let data = super::scalpel::read_prefix(&path, super::scalpel::DEFAULT_BINARY_MAX_BYTES)?;
   |                                            ^^^^^ help: change this to: `path`
   |
   = help: for further information visit https://rust-lang.github.io/rust-clippy/rust-1.92.0/index.html#needless_borrow

warning: this expression creates a reference which is immediately dereferenced by the compiler
  --> engine\src\classification\registry.rs:59:44
   |
59 |     let data = super::scalpel::read_prefix(&path, super::scalpel::DEFAULT_BINARY_MAX_BYTES)?;
   |                                            ^^^^^ help: change this to: `path`
   |
   = help: for further information visit https://rust-lang.github.io/rust-clippy/rust-1.92.0/index.html#needless_borrow

warning: this expression creates a reference which is immediately dereferenced by the compiler
  --> engine\src\classification\registry.rs:83:44
   |
83 |     let data = super::scalpel::read_prefix(&path, super::scalpel::DEFAULT_BINARY_MAX_BYTES)?;
   |                                            ^^^^^ help: change this to: `path`
   |
   = help: for further information visit https://rust-lang.github.io/rust-clippy/rust-1.92.0/index.html#needless_borrow

warning: called `filter(..).next()` on an `Iterator`. This is more succinctly expressed by calling `.find(..)` instead
  --> engine\src\classification\reglogon.rs:13:27
   |
13 |       if let Some(record) = records
   |  ___________________________^
14 | |         .iter()
15 | |         .filter(|r| {
16 | |             r.path
...  |
19 | |         })
20 | |         .next()
   | |_______________^
   |
   = help: for further information visit https://rust-lang.github.io/rust-clippy/rust-1.92.0/index.html#filter_next

warning: called `filter(..).next()` on an `Iterator`. This is more succinctly expressed by calling `.find(..)` instead
  --> engine\src\classification\regproxy.rs:72:27
   |
72 |       if let Some(record) = records
   |  ___________________________^
73 | |         .iter()
74 | |         .filter(|r| r.path.to_ascii_lowercase().contains("\\internet settings"))
75 | |         .next()
   | |_______________^
   |
   = help: for further information visit https://rust-lang.github.io/rust-clippy/rust-1.92.0/index.html#filter_next
help: try
   |
72 ~     if let Some(record) = records
73 +         .iter().find(|r| r.path.to_ascii_lowercase().contains("\\internet settings"))
   |

warning: called `filter(..).next()` on an `Iterator`. This is more succinctly expressed by calling `.find(..)` instead
  --> engine\src\classification\regsecurity.rs:13:27
   |
13 |       if let Some(record) = records
   |  ___________________________^
14 | |         .iter()
15 | |         .filter(|r| r.path.to_ascii_lowercase().contains("\\control\\lsa"))
16 | |         .next()
   | |_______________^
   |
   = help: for further information visit https://rust-lang.github.io/rust-clippy/rust-1.92.0/index.html#filter_next
help: try
   |
13 ~     if let Some(record) = records
14 +         .iter().find(|r| r.path.to_ascii_lowercase().contains("\\control\\lsa"))
   |

warning: called `filter(..).next()` on an `Iterator`. This is more succinctly expressed by calling `.find(..)` instead
   --> engine\src\classification\regsecurity.rs:109:27
    |
109 |       if let Some(record) = records
    |  ___________________________^
110 | |         .iter()
111 | |         .filter(|r| r.path.to_ascii_lowercase().contains("\\control\\lsa"))
112 | |         .next()
    | |_______________^
    |
    = help: for further information visit https://rust-lang.github.io/rust-clippy/rust-1.92.0/index.html#filter_next
help: try
    |
109 ~     if let Some(record) = records
110 +         .iter().find(|r| r.path.to_ascii_lowercase().contains("\\control\\lsa"))
    |

warning: called `filter(..).next()` on an `Iterator`. This is more succinctly expressed by calling `.find(..)` instead
  --> engine\src\classification\regtime.rs:11:27
   |
11 |       if let Some(record) = records
   |  ___________________________^
12 | |         .iter()
13 | |         .filter(|r| {
14 | |             r.path
...  |
17 | |         })
18 | |         .next()
   | |_______________^
   |
   = help: for further information visit https://rust-lang.github.io/rust-clippy/rust-1.92.0/index.html#filter_next

warning: called `filter(..).next()` on an `Iterator`. This is more succinctly expressed by calling `.find(..)` instead
  --> engine\src\classification\regtime.rs:56:27
   |
56 |       if let Some(record) = records
   |  ___________________________^
57 | |         .iter()
58 | |         .filter(|r| {
59 | |             r.path
...  |
62 | |         })
63 | |         .next()
   | |_______________^
   |
   = help: for further information visit https://rust-lang.github.io/rust-clippy/rust-1.92.0/index.html#filter_next

warning: called `filter(..).next()` on an `Iterator`. This is more succinctly expressed by calling `.find(..)` instead
   --> engine\src\classification\regtime.rs:95:27
    |
 95 |       if let Some(record) = records
    |  ___________________________^
 96 | |         .iter()
 97 | |         .filter(|r| {
 98 | |             r.path
...   |
101 | |         })
102 | |         .next()
    | |_______________^
    |
    = help: for further information visit https://rust-lang.github.io/rust-clippy/rust-1.92.0/index.html#filter_next

warning: called `filter(..).next()` on an `Iterator`. This is more succinctly expressed by calling `.find(..)` instead
  --> engine\src\classification\reguac.rs:75:27
   |
75 |       if let Some(record) = records
   |  ___________________________^
76 | |         .iter()
77 | |         .filter(|r| r.path.to_ascii_lowercase().contains("policies\\system"))
78 | |         .next()
   | |_______________^
   |
   = help: for further information visit https://rust-lang.github.io/rust-clippy/rust-1.92.0/index.html#filter_next
help: try
   |
75 ~     if let Some(record) = records
76 +         .iter().find(|r| r.path.to_ascii_lowercase().contains("policies\\system"))
   |

warning: called `filter(..).next()` on an `Iterator`. This is more succinctly expressed by calling `.find(..)` instead
  --> engine\src\classification\regwinver.rs:14:27
   |
14 |       if let Some(record) = records
   |  ___________________________^
15 | |         .iter()
16 | |         .filter(|r| {
17 | |             r.path
...  |
20 | |         })
21 | |         .next()
   | |_______________^
   |
   = help: for further information visit https://rust-lang.github.io/rust-clippy/rust-1.92.0/index.html#filter_next

warning: called `filter(..).next()` on an `Iterator`. This is more succinctly expressed by calling `.find(..)` instead
  --> engine\src\classification\regwinver.rs:91:27
   |
91 |       if let Some(record) = records
   |  ___________________________^
92 | |         .iter()
93 | |         .filter(|r| {
94 | |             r.path
...  |
97 | |         })
98 | |         .next()
   | |_______________^
   |
   = help: for further information visit https://rust-lang.github.io/rust-clippy/rust-1.92.0/index.html#filter_next

warning: this `if` statement can be collapsed
   --> engine\src\classification\triage_filter.rs:112:9
    |
112 | /         if !self.category_includes.is_empty() {
113 | |             if !self.category_includes.contains(&entry.file_category) {
114 | |                 return false;
115 | |             }
116 | |         }
    | |_________^
    |
    = help: for further information visit https://rust-lang.github.io/rust-clippy/rust-1.92.0/index.html#collapsible_if
help: collapse nested if block
    |
112 ~         if !self.category_includes.is_empty()
113 ~             && !self.category_includes.contains(&entry.file_category) {
114 |                 return false;
115 ~             }
    |

warning: field assignment outside of initializer for an instance created with Default::default()
   --> engine\src\classification\triage_filter.rs:201:5
    |
201 | /     filter.path_excludes = vec![
202 | |         "\\Windows\\".to_string(),
203 | |         "\\Program Files\\".to_string(),
204 | |         "\\ProgramData\\".to_string(),
...   |
210 | |         "/lib/".to_string(),
211 | |     ];
    | |______^
    |
note: consider initializing the variable with `classification::triage_filter::TriageFilter { path_excludes: vec![
              "\\Windows\\".to_string(),
              "\\Program Files\\".to_string(),
              "\\ProgramData\\".to_string(),
              "\\WinSxS\\".to_string(),
              "\\System32\\".to_string(),
              "/System/Library/".to_string(),
              "/Library/Caches/".to_string(),
              "/usr/lib/".to_string(),
              "/lib/".to_string(),
          ], extension_excludes: vec!["tmp".to_string(), "temp".to_string(), "log".to_string()], ..Default::default() }` and removing relevant reassignments
   --> engine\src\classification\triage_filter.rs:199:5
    |
199 |     let mut filter = TriageFilter::default();
    |     ^^^^^^^^^^^^^^^^^^^^^^^^^^^^^^^^^^^^^^^^^
    = help: for further information visit https://rust-lang.github.io/rust-clippy/rust-1.92.0/index.html#field_reassign_with_default

warning: unnecessary use of `to_string`
   --> engine\src\classification\scheduledtasks.rs:176:46
    |
176 |         if let Some(ts) = parse_iso_datetime(&datetime[0..19].to_string()) {
    |                                              ^^^^^^^^^^^^^^^^^^^^^^^^^^^^ help: use: `&datetime[0..19]`
    |
    = help: for further information visit https://rust-lang.github.io/rust-clippy/rust-1.92.0/index.html#unnecessary_to_owned
    = note: `#[warn(clippy::unnecessary_to_owned)]` on by default

warning: this manual char comparison can be written more succinctly
   --> engine\src\classification\scheduledtasks.rs:190:16
    |
190 |         .split(|c| c == 'T' || c == '-' || c == ':' || c == 'Z' || c == '+')
    |                ^^^^^^^^^^^^^^^^^^^^^^^^^^^^^^^^^^^^^^^^^^^^^^^^^^^^^^^^^^^^ help: consider using an array of `char`: `['T', '-', ':', 'Z', '+']`
    |
    = help: for further information visit https://rust-lang.github.io/rust-clippy/rust-1.92.0/index.html#manual_pattern_char_comparison

warning: redundant closure
   --> engine\src\classification\scheduledtasks.rs:245:72
    |
245 |     let start_time = extract_xml_value(line, "StartBoundary").and_then(|s| parse_xml_datetime(s));
    |                                                                        ^^^^^^^^^^^^^^^^^^^^^^^^^ help: replace the closure with the function itself: `parse_xml_datetime`
    |
    = help: for further information visit https://rust-lang.github.io/rust-clippy/rust-1.92.0/index.html#redundant_closure
    = note: `#[warn(clippy::redundant_closure)]` on by default

warning: redundant closure
   --> engine\src\classification\scheduledtasks.rs:247:68
    |
247 |     let end_time = extract_xml_value(line, "EndBoundary").and_then(|s| parse_xml_datetime(s));
    |                                                                    ^^^^^^^^^^^^^^^^^^^^^^^^^ help: replace the closure with the function itself: `parse_xml_datetime`
    |
    = help: for further information visit https://rust-lang.github.io/rust-clippy/rust-1.92.0/index.html#redundant_closure

warning: casting to the same type is unnecessary (`i64` -> `i64`)
   --> engine\src\classification\mftparse.rs:586:18
    |
586 |         let ft = ((FILETIME_UNIX_EPOCH_OFFSET + 1_700_000_000) * 10_000_000i64) as i64;
    |                  ^^^^^^^^^^^^^^^^^^^^^^^^^^^^^^^^^^^^^^^^^^^^^^^^^^^^^^^^^^^^^^^^^^^^^ help: try: `((FILETIME_UNIX_EPOCH_OFFSET + 1_700_000_000) * 10_000_000i64)`
    |
    = help: for further information visit https://rust-lang.github.io/rust-clippy/rust-1.92.0/index.html#unnecessary_cast
    = note: `#[warn(clippy::unnecessary_cast)]` on by default

warning: casting to the same type is unnecessary (`i64` -> `i64`)
   --> engine\src\classification\mftparse.rs:740:18
    |
740 |         let ft = ((FILETIME_UNIX_EPOCH_OFFSET + 1_701_000_000) * 10_000_000i64) as i64;
    |                  ^^^^^^^^^^^^^^^^^^^^^^^^^^^^^^^^^^^^^^^^^^^^^^^^^^^^^^^^^^^^^^^^^^^^^ help: try: `((FILETIME_UNIX_EPOCH_OFFSET + 1_701_000_000) * 10_000_000i64)`
    |
    = help: for further information visit https://rust-lang.github.io/rust-clippy/rust-1.92.0/index.html#unnecessary_cast

warning: casting to the same type is unnecessary (`usize` -> `usize`)
   --> engine\src\classification\shims.rs:108:53
    |
108 |         let value_data = &data[offset + 4..offset + size as usize];
    |                                                     ^^^^^^^^^^^^^ help: try: `size`
    |
    = help: for further information visit https://rust-lang.github.io/rust-clippy/rust-1.92.0/index.html#unnecessary_cast

warning: casting to the same type is unnecessary (`usize` -> `usize`)
   --> engine\src\classification\shims.rs:146:19
    |
146 |         offset += size as usize + 4;
    |                   ^^^^^^^^^^^^^ help: try: `size`
    |
    = help: for further information visit https://rust-lang.github.io/rust-clippy/rust-1.92.0/index.html#unnecessary_cast

warning: you seem to want to iterate on a map's values
   --> engine\src\classification\signature.rs:301:29
    |
301 |     for (_ext, ext_sigs) in &sigs {
    |                             ^^^^^
    |
    = help: for further information visit https://rust-lang.github.io/rust-clippy/rust-1.92.0/index.html#for_kv_map
    = note: `#[warn(clippy::for_kv_map)]` on by default
help: use the corresponding method
    |
301 -     for (_ext, ext_sigs) in &sigs {
301 +     for ext_sigs in sigs.values() {
    |

warning: this `if` statement can be collapsed
   --> engine\src\classification\signature.rs:304:13
    |
304 | /             if offset + sig.magic.len() <= data.len() {
305 | |                 if &data[offset..offset + sig.magic.len()] == &sig.magic[..] {
306 | |                     matches.push(FileTypeMatch {
307 | |                         extension: sig.extension.clone(),
...   |
312 | |             }
    | |_____________^
    |
    = help: for further information visit https://rust-lang.github.io/rust-clippy/rust-1.92.0/index.html#collapsible_if
help: collapse nested if block
    |
304 ~             if offset + sig.magic.len() <= data.len()
305 ~                 && &data[offset..offset + sig.magic.len()] == &sig.magic[..] {
306 |                     matches.push(FileTypeMatch {
...
310 |                     });
311 ~                 }
    |

warning: needlessly taken reference of both operands
   --> engine\src\classification\signature.rs:305:20
    |
305 |                 if &data[offset..offset + sig.magic.len()] == &sig.magic[..] {
    |                    ^^^^^^^^^^^^^^^^^^^^^^^^^^^^^^^^^^^^^^^^^^^^^^^^^^^^^^^^^
    |
    = help: for further information visit https://rust-lang.github.io/rust-clippy/rust-1.92.0/index.html#op_ref
help: use the values directly
    |
305 -                 if &data[offset..offset + sig.magic.len()] == &sig.magic[..] {
305 +                 if data[offset..offset + sig.magic.len()] == sig.magic[..] {
    |

warning: this expression creates a reference which is immediately dereferenced by the compiler
   --> engine\src\classification\slackchat.rs:114:44
    |
114 |     let data = super::scalpel::read_prefix(&path, super::scalpel::DEFAULT_BINARY_MAX_BYTES).ok()?;
    |                                            ^^^^^ help: change this to: `path`
    |
    = help: for further information visit https://rust-lang.github.io/rust-clippy/rust-1.92.0/index.html#needless_borrow

warning: this `if` statement can be collapsed
   --> engine\src\classification\startup.rs:256:12
    |
256 |       } else if &data[0..2] == b"\x02\x00" {
    |  ____________^
257 | |         if data.len() > 2 {
258 | |             let end = data[2..]
259 | |                 .iter()
...   |
264 | |     }
    | |_____^
    |
    = help: for further information visit https://rust-lang.github.io/rust-clippy/rust-1.92.0/index.html#collapsible_if
help: collapse nested if block
    |
256 ~     } else if &data[0..2] == b"\x02\x00"
257 ~         && data.len() > 2 {
258 |             let end = data[2..]
...
262 |             return String::from_utf8_lossy(&data[2..2 + end]).to_string();
263 ~         }
    |

warning: this expression creates a reference which is immediately dereferenced by the compiler
   --> engine\src\classification\startup.rs:304:41
    |
304 |             super::scalpel::read_prefix(&lnk_path, super::scalpel::DEFAULT_BINARY_MAX_BYTES)
    |                                         ^^^^^^^^^ help: change this to: `lnk_path`
    |
    = help: for further information visit https://rust-lang.github.io/rust-clippy/rust-1.92.0/index.html#needless_borrow

warning: casting to the same type is unnecessary (`u32` -> `u32`)
  --> engine\src\classification\passwords.rs:67:37
   |
67 |                 policy.min_length = size as u32;
   |                                     ^^^^^^^^^^^ help: try: `size`
   |
   = help: for further information visit https://rust-lang.github.io/rust-clippy/rust-1.92.0/index.html#unnecessary_cast

warning: manual `Range::contains` implementation
  --> engine\src\classification\strings.rs:27:12
   |
27 |         if byte >= 0x20 && byte < 0x7F {
   |            ^^^^^^^^^^^^^^^^^^^^^^^^^^^ help: use: `(0x20..0x7F).contains(&byte)`
   |
   = help: for further information visit https://rust-lang.github.io/rust-clippy/rust-1.92.0/index.html#manual_range_contains

warning: manual `Range::contains` implementation
  --> engine\src\classification\strings.rs:69:12
   |
69 |         if ch >= 0x20 && ch < 0x7F {
   |            ^^^^^^^^^^^^^^^^^^^^^^^ help: use: `(0x20..0x7F).contains(&ch)`
   |
   = help: for further information visit https://rust-lang.github.io/rust-clippy/rust-1.92.0/index.html#manual_range_contains

warning: the borrowed expression implements the required traits
   --> engine\src\classification\systeminfo.rs:273:59
    |
273 |                     if let Ok(sub_entries) = fs::read_dir(&entry.path()) {
    |                                                           ^^^^^^^^^^^^^ help: change this to: `entry.path()`
    |
    = help: for further information visit https://rust-lang.github.io/rust-clippy/rust-1.92.0/index.html#needless_borrows_for_generic_args

warning: writing `&PathBuf` instead of `&Path` involves a new object where a slice will do
  --> engine\src\classification\taskbar.rs:86:38
   |
86 | pub fn scan_start_menu(user_profile: &PathBuf) -> Result<Vec<StartMenuEntry>, ForensicError> {
   |                                      ^^^^^^^^ help: change this to: `&Path`
   |
   = help: for further information visit https://rust-lang.github.io/rust-clippy/rust-1.92.0/index.html#ptr_arg

warning: writing `&PathBuf` instead of `&Path` involves a new object where a slice will do
   --> engine\src\classification\taskbar.rs:109:40
    |
109 | pub fn parse_taskbar_pin_history(path: &PathBuf) -> Result<TaskbarPinHistory, ForensicError> {
    |                                        ^^^^^^^^ help: change this to: `&Path`
    |
    = help: for further information visit https://rust-lang.github.io/rust-clippy/rust-1.92.0/index.html#ptr_arg

warning: field assignment outside of initializer for an instance created with Default::default()
  --> engine\src\classification\prefetchdata.rs:40:5
   |
40 |     info.version = extract_prefetch_version(data);
   |     ^^^^^^^^^^^^^^^^^^^^^^^^^^^^^^^^^^^^^^^^^^^^^^
   |
note: consider initializing the variable with `classification::prefetchdata::PrefetchInfo { version: extract_prefetch_version(data), ..Default::default() }` and removing relevant reassignments
  --> engine\src\classification\prefetchdata.rs:39:5
   |
39 |     let mut info = PrefetchInfo::default();
   |     ^^^^^^^^^^^^^^^^^^^^^^^^^^^^^^^^^^^^^^^
   = help: for further information visit https://rust-lang.github.io/rust-clippy/rust-1.92.0/index.html#field_reassign_with_default

warning: this expression creates a reference which is immediately dereferenced by the compiler
   --> engine\src\classification\teamschat.rs:118:44
    |
118 |     let data = super::scalpel::read_prefix(&path, super::scalpel::DEFAULT_BINARY_MAX_BYTES).ok()?;
    |                                            ^^^^^ help: change this to: `path`
    |
    = help: for further information visit https://rust-lang.github.io/rust-clippy/rust-1.92.0/index.html#needless_borrow

warning: needlessly taken reference of left operand
  --> engine\src\classification\thumbcache.rs:58:15
   |
58 |     } else if &data[0..16] == [0u8; 16] {
   |               ------------^^^^^^^^^^^^^
   |               |
   |               help: use the left value directly: `data[0..16]`
   |
   = help: for further information visit https://rust-lang.github.io/rust-clippy/rust-1.92.0/index.html#op_ref

warning: this `if` statement can be collapsed
  --> engine\src\classification\usb.rs:90:36
   |
90 |   ...                   } else if prop_name.contains("InstallDate") {
   |  ______________________________^
91 | | ...                       if data.len() >= 4 {
92 | | ...                           first_install_date = Some(i32::from_le_bytes([
93 | | ...                               data[0], data[1], data[2], data[3],
...  |
97 | | ...                   }
   | |_______________________^
   |
   = help: for further information visit https://rust-lang.github.io/rust-clippy/rust-1.92.0/index.html#collapsible_if
help: collapse nested if block
   |
90 ~                             } else if prop_name.contains("InstallDate")
91 ~                                 && data.len() >= 4 {
92 |                                     first_install_date = Some(i32::from_le_bytes([
...
95 |                                         as i64);
96 ~                                 }
   |

warning: needlessly taken reference of left operand
  --> engine\src\classification\video.rs:40:27
   |
40 |     if data.len() >= 4 && &data[0..4] == [0x1A, 0x45, 0xDF, 0xA3] {
   |                           -----------^^^^^^^^^^^^^^^^^^^^^^^^^^^^
   |                           |
   |                           help: use the left value directly: `data[0..4]`
   |
   = help: for further information visit https://rust-lang.github.io/rust-clippy/rust-1.92.0/index.html#op_ref

warning: this `if` statement can be collapsed
   --> engine\src\container\e01.rs:205:9
    |
205 | /         if file.read_exact(&mut section).is_ok() {
206 | |             if &section[0..8] == b"DATA\0\0\0\0" {
207 | |                 let mut bytes = [0u8; 1024];
208 | |                 if file.read_exact(&mut bytes).is_ok() {
...   |
215 | |         }
    | |_________^
    |
    = help: for further information visit https://rust-lang.github.io/rust-clippy/rust-1.92.0/index.html#collapsible_if
help: collapse nested if block
    |
205 ~         if file.read_exact(&mut section).is_ok()
206 ~             && &section[0..8] == b"DATA\0\0\0\0" {
207 |                 let mut bytes = [0u8; 1024];
...
213 |                 }
214 ~             }
    |

warning: casting to the same type is unnecessary (`u64` -> `u64`)
   --> engine\src\container\e01.rs:235:30
    |
235 |         self.read_at(offset, E01_SECTOR_SIZE as u64)
    |                              ^^^^^^^^^^^^^^^^^^^^^^ help: try: `E01_SECTOR_SIZE`
    |
    = help: for further information visit https://rust-lang.github.io/rust-clippy/rust-1.92.0/index.html#unnecessary_cast

warning: this `if` statement can be collapsed
   --> engine\src\container\e01.rs:323:5
    |
323 | /     if file.read_exact(&mut header).is_ok() {
324 | |         if &header[0..7] == E01_MAGIC {
325 | |             return Ok(true);
326 | |         }
327 | |     }
    | |_____^
    |
    = help: for further information visit https://rust-lang.github.io/rust-clippy/rust-1.92.0/index.html#collapsible_if
help: collapse nested if block
    |
323 ~     if file.read_exact(&mut header).is_ok()
324 ~         && &header[0..7] == E01_MAGIC {
325 |             return Ok(true);
326 ~         }
    |

warning: this operation has no effect
  --> engine\src\container\policy.rs:80:26
   |
80 |             seq_min_len: 1u64 * 1024 * 1024, // 1 MiB minimum for hashing reads
   |                          ^^^^^^^^^^^ help: consider reducing it to: `1024`
   |
   = help: for further information visit https://rust-lang.github.io/rust-clippy/rust-1.92.0/index.html#identity_op
   = note: `#[warn(clippy::identity_op)]` on by default

warning: manual implementation of `.is_multiple_of()`
   --> engine\src\container\policy.rs:204:9
    |
204 |         offset % ss == 0 && length % ss == 0
    |         ^^^^^^^^^^^^^^^^ help: replace with: `offset.is_multiple_of(ss)`
    |
    = help: for further information visit https://rust-lang.github.io/rust-clippy/rust-1.92.0/index.html#manual_is_multiple_of
    = note: `#[warn(clippy::manual_is_multiple_of)]` on by default

warning: manual implementation of `.is_multiple_of()`
   --> engine\src\container\policy.rs:204:29
    |
204 |         offset % ss == 0 && length % ss == 0
    |                             ^^^^^^^^^^^^^^^^ help: replace with: `length.is_multiple_of(ss)`
    |
    = help: for further information visit https://rust-lang.github.io/rust-clippy/rust-1.92.0/index.html#manual_is_multiple_of

warning: this `if` statement can be collapsed
   --> engine\src\container\policy.rs:269:9
    |
269 | /         if self.current_mode() == PolicyMode::Hashing {
270 | |             if self.is_sequential_bulk_read(offset, length) {
271 | |                 return self.inner.read_into(offset, buf);
272 | |             }
273 | |         }
    | |_________^
    |
    = help: for further information visit https://rust-lang.github.io/rust-clippy/rust-1.92.0/index.html#collapsible_if
help: collapse nested if block
    |
269 ~         if self.current_mode() == PolicyMode::Hashing
270 ~             && self.is_sequential_bulk_read(offset, length) {
271 |                 return self.inner.read_into(offset, buf);
272 ~             }
    |

warning: manual `!RangeInclusive::contains` implementation
   --> engine\src\disk\mod.rs:289:16
    |
289 |             if entry_size < 128 || entry_size > 4096 || entry_count == 0 {
    |                ^^^^^^^^^^^^^^^^^^^^^^^^^^^^^^^^^^^^^ help: use: `!(128..=4096).contains(&entry_size)`
    |
    = help: for further information visit https://rust-lang.github.io/rust-clippy/rust-1.92.0/index.html#manual_range_contains

warning: this `if` statement can be collapsed
  --> engine\src\filesystem\encryption.rs:38:5
   |
38 | /     if data.len() >= 512 {
39 | |         if &data[0..11] == b"-FVE-FS-" || &data[3..11] == b"FVE-FS-" {
40 | |             return Ok(Some(EncryptionDetection {
41 | |                 encryption_type: EncryptionType::BitLocker,
...  |
47 | |     }
   | |_____^
   |
   = help: for further information visit https://rust-lang.github.io/rust-clippy/rust-1.92.0/index.html#collapsible_if
help: collapse nested if block
   |
38 ~     if data.len() >= 512
39 ~         && (&data[0..11] == b"-FVE-FS-" || &data[3..11] == b"FVE-FS-") {
40 |             return Ok(Some(EncryptionDetection {
...
45 |             }));
46 ~         }
   |

warning: this `if` statement can be collapsed
  --> engine\src\filesystem\encryption.rs:51:9
   |
51 | /         if data.len() > sector_17_offset {
52 | |             if &data[sector_17_offset..sector_17_offset + 8] == b"LUKS\xBA\xBE\x00\x00" {
53 | |                 return Ok(Some(EncryptionDetection {
54 | |                     encryption_type: EncryptionType::LUKS,
...  |
60 | |         }
   | |_________^
   |
   = help: for further information visit https://rust-lang.github.io/rust-clippy/rust-1.92.0/index.html#collapsible_if
help: collapse nested if block
   |
51 ~         if data.len() > sector_17_offset
52 ~             && &data[sector_17_offset..sector_17_offset + 8] == b"LUKS\xBA\xBE\x00\x00" {
53 |                 return Ok(Some(EncryptionDetection {
...
58 |                 }));
59 ~             }
   |

warning: this `if` statement can be collapsed
  --> engine\src\filesystem\encryption.rs:63:5
   |
63 | /     if data.len() >= 512 {
64 | |         if &data[0..8] == b"ApplFS" {
65 | |             return Ok(Some(EncryptionDetection {
66 | |                 encryption_type: EncryptionType::FileVault,
...  |
72 | |     }
   | |_____^
   |
   = help: for further information visit https://rust-lang.github.io/rust-clippy/rust-1.92.0/index.html#collapsible_if
help: collapse nested if block
   |
63 ~     if data.len() >= 512
64 ~         && &data[0..8] == b"ApplFS" {
65 |             return Ok(Some(EncryptionDetection {
...
70 |             }));
71 ~         }
   |

warning: this `if` statement can be collapsed
  --> engine\src\filesystem\encryption.rs:74:5
   |
74 | /     if data.len() >= 512 {
75 | |         if &data[0..4] == b"TCSD" || &data[0..4] == b"VERA" {
76 | |             return Ok(Some(EncryptionDetection {
77 | |                 encryption_type: EncryptionType::VeraCrypt,
...  |
83 | |     }
   | |_____^
   |
   = help: for further information visit https://rust-lang.github.io/rust-clippy/rust-1.92.0/index.html#collapsible_if
help: collapse nested if block
   |
74 ~     if data.len() >= 512
75 ~         && (&data[0..4] == b"TCSD" || &data[0..4] == b"VERA") {
76 |             return Ok(Some(EncryptionDetection {
...
81 |             }));
82 ~         }
   |

warning: this `if` statement can be collapsed
   --> engine\src\filesystem\encryption.rs:99:5
    |
 99 | /     if data.len() >= 512 {
100 | |         if &data[0..11] == b"-FVE-FS-" || &data[3..11] == b"FVE-FS-" {
101 | |             return Ok(Some(EncryptionDetection {
102 | |                 encryption_type: EncryptionType::BitLocker,
...   |
108 | |     }
    | |_____^
    |
    = help: for further information visit https://rust-lang.github.io/rust-clippy/rust-1.92.0/index.html#collapsible_if
help: collapse nested if block
    |
 99 ~     if data.len() >= 512
100 ~         && (&data[0..11] == b"-FVE-FS-" || &data[3..11] == b"FVE-FS-") {
101 |             return Ok(Some(EncryptionDetection {
...
106 |             }));
107 ~         }
    |

warning: this `if` statement can be collapsed
   --> engine\src\filesystem\encryption.rs:110:5
    |
110 | /     if data.len() >= 18 * 512 {
111 | |         if &data[17 * 512..17 * 512 + 8] == b"LUKS\xBA\xBE\x00\x00" {
112 | |             return Ok(Some(EncryptionDetection {
113 | |                 encryption_type: EncryptionType::LUKS,
...   |
119 | |     }
    | |_____^
    |
    = help: for further information visit https://rust-lang.github.io/rust-clippy/rust-1.92.0/index.html#collapsible_if
help: collapse nested if block
    |
110 ~     if data.len() >= 18 * 512
111 ~         && &data[17 * 512..17 * 512 + 8] == b"LUKS\xBA\xBE\x00\x00" {
112 |             return Ok(Some(EncryptionDetection {
...
117 |             }));
118 ~         }
    |

warning: casting to the same type is unnecessary (`u32` -> `u32`)
   --> engine\src\filesystem\ext4.rs:287:15
    |
287 |             / self.superblock.s_blocks_per_group as u32;
    |               ^^^^^^^^^^^^^^^^^^^^^^^^^^^^^^^^^^^^^^^^^ help: try: `self.superblock.s_blocks_per_group`
    |
    = help: for further information visit https://rust-lang.github.io/rust-clippy/rust-1.92.0/index.html#unnecessary_cast

warning: field assignment outside of initializer for an instance created with Default::default()
   --> engine\src\filesystem\ext4.rs:360:9
    |
360 |         inode.inode_num = inode_num;
    |         ^^^^^^^^^^^^^^^^^^^^^^^^^^^^
    |
note: consider initializing the variable with `filesystem::ext4::Ext4Inode { inode_num: inode_num, mode: u16::from_le_bytes([data[0], data[1]]), ..Default::default() }` and removing relevant reassignments
   --> engine\src\filesystem\ext4.rs:359:9
    |
359 |         let mut inode = Ext4Inode::default();
    |         ^^^^^^^^^^^^^^^^^^^^^^^^^^^^^^^^^^^^^
    = help: for further information visit https://rust-lang.github.io/rust-clippy/rust-1.92.0/index.html#field_reassign_with_default

warning: casting to the same type is unnecessary (`u32` -> `u32`)
   --> engine\src\filesystem\ext4.rs:338:38
    |
338 |         let bg_index = inode_index / self.superblock.s_inodes_per_group as u32;
    |                                      ^^^^^^^^^^^^^^^^^^^^^^^^^^^^^^^^^^^^^^^^^ help: try: `self.superblock.s_inodes_per_group`
    |
    = help: for further information visit https://rust-lang.github.io/rust-clippy/rust-1.92.0/index.html#unnecessary_cast

warning: casting to the same type is unnecessary (`u32` -> `u32`)
   --> engine\src\filesystem\ext4.rs:339:41
    |
339 |         let index_in_bg = inode_index % self.superblock.s_inodes_per_group as u32;
    |                                         ^^^^^^^^^^^^^^^^^^^^^^^^^^^^^^^^^^^^^^^^^ help: try: `self.superblock.s_inodes_per_group`
    |
    = help: for further information visit https://rust-lang.github.io/rust-clippy/rust-1.92.0/index.html#unnecessary_cast

warning: you seem to use `.enumerate()` and immediately discard the index
   --> engine\src\filesystem\ext4.rs:444:33
    |
444 |         for (_i, &block_num) in inode.block.iter().enumerate() {
    |                                 ^^^^^^^^^^^^^^^^^^^^^^^^^^^^^^
    |
    = help: for further information visit https://rust-lang.github.io/rust-clippy/rust-1.92.0/index.html#unused_enumerate_index
    = note: `#[warn(clippy::unused_enumerate_index)]` on by default
help: remove the `.enumerate()` call
    |
444 -         for (_i, &block_num) in inode.block.iter().enumerate() {
444 +         for &block_num in inode.block.iter() {
    |

warning: manually reimplementing `div_ceil`
   --> engine\src\filesystem\ntfs.rs:160:23
    |
160 |     let bitmap_size = ((total_clusters + 7) / 8) as usize;
    |                       ^^^^^^^^^^^^^^^^^^^^^^^^^^ help: consider using `.div_ceil()`: `total_clusters.div_ceil(8)`
    |
    = help: for further information visit https://rust-lang.github.io/rust-clippy/rust-1.92.0/index.html#manual_div_ceil
    = note: `#[warn(clippy::manual_div_ceil)]` on by default

warning: manual `!RangeInclusive::contains` implementation
   --> engine\src\filesystem\ntfs.rs:288:8
    |
288 |     if mft_record_size_bytes < 512 || mft_record_size_bytes > 1024 * 1024 {
    |        ^^^^^^^^^^^^^^^^^^^^^^^^^^^^^^^^^^^^^^^^^^^^^^^^^^^^^^^^^^^^^^^^^^ help: use: `!(512..=1024 * 1024).contains(&mft_record_size_bytes)`
    |
    = help: for further information visit https://rust-lang.github.io/rust-clippy/rust-1.92.0/index.html#manual_range_contains

warning: manual `!RangeInclusive::contains` implementation
   --> engine\src\filesystem\ntfs.rs:344:8
    |
344 |     if bps < 256 || bps > 4096 || (bps & (bps - 1)) != 0 {
    |        ^^^^^^^^^^^^^^^^^^^^^^^ help: use: `!(256..=4096).contains(&bps)`
    |
    = help: for further information visit https://rust-lang.github.io/rust-clippy/rust-1.92.0/index.html#manual_range_contains

warning: manual implementation of `.is_multiple_of()`
   --> engine\src\filesystem\ntfs.rs:347:8
    |
347 |     if rec.len() % bps != 0 {
    |        ^^^^^^^^^^^^^^^^^^^^ help: replace with: `!rec.len().is_multiple_of(bps)`
    |
    = help: for further information visit https://rust-lang.github.io/rust-clippy/rust-1.92.0/index.html#manual_is_multiple_of

warning: this operation has no effect
   --> engine\src\filesystem\ntfs.rs:898:26
    |
898 |                     data[pos + 0x00],
    |                          ^^^^^^^^^^ help: consider reducing it to: `pos`
    |
    = help: for further information visit https://rust-lang.github.io/rust-clippy/rust-1.92.0/index.html#identity_op

warning: this function has too many arguments (12/7)
    --> engine\src\filesystem\ntfs.rs:1020:5
     |
1020 | /     fn walk_recursive<C: EvidenceContainerRO>(
1021 | |         container: &C,
1022 | |         volume_base_offset: u64,
1023 | |         mft_offset: u64,
...    |
1032 | |         results: &mut Vec<NtfsTreeEntry>,
1033 | |     ) -> Result<(), ForensicError> {
     | |__________________________________^
     |
     = help: for further information visit https://rust-lang.github.io/rust-clippy/rust-1.92.0/index.html#too_many_arguments

warning: redundant pattern matching, consider using `is_err()`
    --> engine\src\filesystem\ntfs.rs:1053:16
     |
1053 |         if let Err(_) = apply_usa_fixup(&mut data, 512) {
     |         -------^^^^^^---------------------------------- help: try: `if apply_usa_fixup(&mut data, 512).is_err()`
     |
     = help: for further information visit https://rust-lang.github.io/rust-clippy/rust-1.92.0/index.html#redundant_pattern_matching
     = note: `#[warn(clippy::redundant_pattern_matching)]` on by default

warning: parameter is only used in recursion
    --> engine\src\filesystem\ntfs.rs:1025:9
     |
1025 |         cluster_size: u32,
     |         ^^^^^^^^^^^^ help: if this is intentional, prefix it with an underscore: `_cluster_size`
     |
note: parameter used here
    --> engine\src\filesystem\ntfs.rs:1180:25
     |
1180 |                         cluster_size,
     |                         ^^^^^^^^^^^^
     = help: for further information visit https://rust-lang.github.io/rust-clippy/rust-1.92.0/index.html#only_used_in_recursion
     = note: `#[warn(clippy::only_used_in_recursion)]` on by default

warning: this `if` statement can be collapsed
  --> engine\src\filesystem\shadowcopy.rs:35:13
   |
35 | /             if data.len() >= 512 {
36 | |                 if &data[0..4] == b"VSS\x00" || &data[4..8] == b"VSS\x00" {
37 | |                     results.push(ShadowCopyInfo {
38 | |                         copy_type: ShadowCopyType::VSS,
...  |
44 | |             }
   | |_____________^
   |
   = help: for further information visit https://rust-lang.github.io/rust-clippy/rust-1.92.0/index.html#collapsible_if
help: collapse nested if block
   |
35 ~             if data.len() >= 512
36 ~                 && (&data[0..4] == b"VSS\x00" || &data[4..8] == b"VSS\x00") {
37 |                     results.push(ShadowCopyInfo {
...
42 |                     });
43 ~                 }
   |

warning: this `if` statement can be collapsed
  --> engine\src\filesystem\shadowcopy.rs:51:13
   |
51 | /             if data.len() >= 16 {
52 | |                 if &data[0..8] == b"STOC" || &data[0..8] == b"toc1" {
53 | |                     results.push(ShadowCopyInfo {
54 | |                         copy_type: ShadowCopyType::ShadowVolume,
...  |
60 | |             }
   | |_____________^
   |
   = help: for further information visit https://rust-lang.github.io/rust-clippy/rust-1.92.0/index.html#collapsible_if
help: collapse nested if block
   |
51 ~             if data.len() >= 16
52 ~                 && (&data[0..8] == b"STOC" || &data[0..8] == b"toc1") {
53 |                     results.push(ShadowCopyInfo {
...
58 |                     });
59 ~                 }
   |

warning: this `if` statement can be collapsed
  --> engine\src\filesystem\shadowcopy.rs:92:13
   |
92 | /             if data.len() > i + 32 {
93 | |                 if &data[i..i + 4] == b"VSS\x00" || &data[i..i + 4] == b"vSS\x00" {
94 | |                     let offset = header_offset + i as u64;
95 | |                     offsets.push(offset);
96 | |                 }
97 | |             }
   | |_____________^
   |
   = help: for further information visit https://rust-lang.github.io/rust-clippy/rust-1.92.0/index.html#collapsible_if
help: collapse nested if block
   |
92 ~             if data.len() > i + 32
93 ~                 && (&data[i..i + 4] == b"VSS\x00" || &data[i..i + 4] == b"vSS\x00") {
94 |                     let offset = header_offset + i as u64;
95 |                     offsets.push(offset);
96 ~                 }
   |

warning: manually reimplementing `div_ceil`
  --> engine\src\filesystem\mod.rs:69:23
   |
69 |     let bitmap_size = ((total_clusters + 7) / 8) as usize;
   |                       ^^^^^^^^^^^^^^^^^^^^^^^^^^ help: consider using `.div_ceil()`: `total_clusters.div_ceil(8)`
   |
   = help: for further information visit https://rust-lang.github.io/rust-clippy/rust-1.92.0/index.html#manual_div_ceil

warning: this multiplication by -1 can be written more succinctly
  --> engine\src\hashset\bloom.rs:15:21
   |
15 |         let size = (-1.0 * (expected_items as f64) * false_positive_rate.ln()
   |                     ^^^^^^^^^^^^^^^^^^^^^^^^^^^^^^ help: consider using: `-(expected_items as f64)`
   |
   = help: for further information visit https://rust-lang.github.io/rust-clippy/rust-1.92.0/index.html#neg_multiply
   = note: `#[warn(clippy::neg_multiply)]` on by default

warning: useless use of `format!`
   --> engine\src\report\mod.rs:247:30
    |
247 |     report_content.push_str(&format!("# Forensic Analysis Report\n\n"));
    |                              ^^^^^^^^^^^^^^^^^^^^^^^^^^^^^^^^^^^^^^^^^ help: consider using `.to_string()`: `"# Forensic Analysis Report\n\n".to_string()`
    |
    = help: for further information visit https://rust-lang.github.io/rust-clippy/rust-1.92.0/index.html#useless_format
    = note: `#[warn(clippy::useless_format)]` on by default

warning: calling `push_str()` using a single-character string literal
   --> engine\src\report\mod.rs:266:9
    |
266 |         report_content.push_str("\n");
    |         ^^^^^^^^^^^^^^^^^^^^^^^^^^^^^ help: consider using `push` with a character literal: `report_content.push('\n')`
    |
    = help: for further information visit https://rust-lang.github.io/rust-clippy/rust-1.92.0/index.html#single_char_add_str
    = note: `#[warn(clippy::single_char_add_str)]` on by default

warning: calling `push_str()` using a single-character string literal
   --> engine\src\report\mod.rs:275:9
    |
275 |         report_content.push_str("\n");
    |         ^^^^^^^^^^^^^^^^^^^^^^^^^^^^^ help: consider using `push` with a character literal: `report_content.push('\n')`
    |
    = help: for further information visit https://rust-lang.github.io/rust-clippy/rust-1.92.0/index.html#single_char_add_str

warning: calling `push_str()` using a single-character string literal
   --> engine\src\report\mod.rs:288:13
    |
288 |             report_content.push_str("\n");
    |             ^^^^^^^^^^^^^^^^^^^^^^^^^^^^^ help: consider using `push` with a character literal: `report_content.push('\n')`
    |
    = help: for further information visit https://rust-lang.github.io/rust-clippy/rust-1.92.0/index.html#single_char_add_str

warning: useless use of `vec!`
    --> engine\src\case\database.rs:3550:24
     |
3550 |           let _regions = vec![crate::carving::regions::ScanRegion::new(
     |  ________________________^
3551 | |             0,
3552 | |             1024 * 1024,
3553 | |             "test",
3554 | |         )];
     | |__________^
     |
     = help: for further information visit https://rust-lang.github.io/rust-clippy/rust-1.92.0/index.html#useless_vec
     = note: `#[warn(clippy::useless_vec)]` on by default
help: you can use an array directly
     |
3550 ~         let _regions = [crate::carving::regions::ScanRegion::new(
3551 +             0,
3552 +             1024 * 1024,
3553 +             "test",
3554 ~         )];
     |

warning: useless use of `vec!`
   --> engine\src\case\replay.rs:646:37
    |
646 |           let tamper_evident_tables = vec![
    |  _____________________________________^
647 | |             "activity_log",
648 | |             "provenance",
649 | |             "case_verifications",
650 | |             "exhibit_packets",
651 | |         ];
    | |_________^
    |
    = help: for further information visit https://rust-lang.github.io/rust-clippy/rust-1.92.0/index.html#useless_vec
help: you can use an array directly
    |
646 ~         let tamper_evident_tables = ["activity_log",
647 +             "provenance",
648 +             "case_verifications",
649 ~             "exhibit_packets"];
    |

warning: useless use of `vec!`
   --> engine\src\case\replay.rs:788:22
    |
788 |     let fts_tables = vec!["notes_fts", "bookmarks_fts", "exhibits_fts"];
    |                      ^^^^^^^^^^^^^^^^^^^^^^^^^^^^^^^^^^^^^^^^^^^^^^^^^^ help: you can use an array directly: `["notes_fts", "bookmarks_fts", "exhibits_fts"]`
    |
    = help: for further information visit https://rust-lang.github.io/rust-clippy/rust-1.92.0/index.html#useless_vec

warning: items after a test module
   --> engine\src\disk\format.rs:228:1
    |
228 | mod tests {
    | ^^^^^^^^^
...
313 | pub fn get_image_segments(path: &Path) -> Result<Vec<ImageSegment>, ForensicError> {
    | ^^^^^^^^^^^^^^^^^^^^^^^^^^^^^^^^^^^^^^^^^^^^^^^^^^^^^^^^^^^^^^^^^^^^^^^^^^^^^^^^^^
    |
    = help: for further information visit https://rust-lang.github.io/rust-clippy/rust-1.92.0/index.html#items_after_test_module
    = note: `#[warn(clippy::items_after_test_module)]` on by default
    = help: move the items to before the test module was defined

warning: module has the same name as its containing module
  --> engine\src\tests\mod.rs:2:1
   |
 2 | / mod tests {
 3 | |     use crate::hashing::{HashOptions, HashResults};
 4 | |
 5 | |     #[test]
...  |
23 | | }
   | |_^
   |
   = help: for further information visit https://rust-lang.github.io/rust-clippy/rust-1.92.0/index.html#module_inception
   = note: `#[warn(clippy::module_inception)]` on by default

warning: useless use of `vec!`
    --> engine\src\case\replay.rs:1453:41
     |
1453 |             let tamper_evident_tables = vec!["activity_log", "provenance", "case_verifications"];
     |                                         ^^^^^^^^^^^^^^^^^^^^^^^^^^^^^^^^^^^^^^^^^^^^^^^^^^^^^^^^ help: you can use an array directly: `["activity_log", "provenance", "case_verifications"]`
     |
     = help: for further information visit https://rust-lang.github.io/rust-clippy/rust-1.92.0/index.html#useless_vec

warning: useless use of `vec!`
    --> engine\src\case\verify.rs:1715:26
     |
1715 |           let mut checks = vec![
     |  __________________________^
1716 | |             CheckResult {
1717 | |                 name: "zebra".to_string(),
1718 | |                 status: VerificationStatus::Pass,
...    |
1739 | |             },
1740 | |         ];
     | |_________^
     |
     = help: for further information visit https://rust-lang.github.io/rust-clippy/rust-1.92.0/index.html#useless_vec
help: you can use an array directly
     |
1715 ~         let mut checks = [CheckResult {
1716 +                 name: "zebra".to_string(),
1717 +                 status: VerificationStatus::Pass,
1718 +                 message: "zebra check".to_string(),
1719 +                 details_json: None,
1720 +                 started_utc: "2023-01-01T00:00:00Z".to_string(),
1721 +                 finished_utc: "2023-01-01T00:01:00Z".to_string(),
1722 +             },
1723 +             CheckResult {
1724 +                 name: "alpha".to_string(),
1725 +                 status: VerificationStatus::Pass,
1726 +                 message: "alpha check".to_string(),
1727 +                 details_json: None,
1728 +                 started_utc: "2023-01-01T00:00:00Z".to_string(),
1729 +                 finished_utc: "2023-01-01T00:01:00Z".to_string(),
1730 +             },
1731 +             CheckResult {
1732 +                 name: "middle".to_string(),
1733 +                 status: VerificationStatus::Pass,
1734 +                 message: "middle check".to_string(),
1735 +                 details_json: None,
1736 +                 started_utc: "2023-01-01T00:00:00Z".to_string(),
1737 +                 finished_utc: "2023-01-01T00:01:00Z".to_string(),
1738 ~             }];
     |

warning: `forensic_engine` (lib) generated 129 warnings (run `cargo clippy --fix --lib -p forensic_engine` to apply 95 suggestions)
    Checking forensic_cli v0.1.0 (D:\forensic-suite\cli)
warning: `forensic_engine` (lib test) generated 138 warnings (127 duplicates) (run `cargo clippy --fix --lib -p forensic_engine --tests` to apply 8 suggestions)
    Finished `dev` profile [unoptimized + debuginfo] target(s) in 6.97s
